[2026-03-05 14:49:18] ============================================================
[2026-03-05 14:49:18] WAYBACK MIRROR: vortexscience.com
[2026-03-05 14:49:18] Output: /Users/esaruoho/work/merlib-mirror/sites/vortexscience.com
[2026-03-05 14:49:18] Delay: 1.0s
[2026-03-05 14:49:18] ============================================================
[2026-03-05 14:49:18] Resuming: phase=complete, 200 already done
[2026-03-05 14:49:18] 
=== PHASE 3: Generating Index ===
[2026-03-05 14:49:18] Generating index...
[2026-03-05 14:49:18] Index: 286 files
[2026-03-05 14:49:18]   .txt: 88
[2026-03-05 14:49:18]   .jpg: 68
[2026-03-05 14:49:18]   .php: 66
[2026-03-05 14:49:18]   .gif: 28
[2026-03-05 14:49:18]   .html: 27
[2026-03-05 14:49:18]   .png: 3
[2026-03-05 14:49:18]   .pdf: 2
[2026-03-05 14:49:18]   .htm: 1
[2026-03-05 14:49:18]   .swf: 1
[2026-03-05 14:49:18]   .jpeg: 1
[2026-03-05 14:49:18]   .js: 1
[2026-03-05 14:49:18] 
============================================================
[2026-03-05 14:49:18] MIRROR COMPLETE
[2026-03-05 14:49:18] Total URLs: 205
[2026-03-05 14:49:18] Downloaded: 200
[2026-03-05 14:49:18] Failed: 5
[2026-03-05 14:49:18] Files: 286
[2026-03-05 14:49:18] ============================================================
[2026-03-05 14:49:18] 
Next step: fe-ingest.sh /Users/esaruoho/work/merlib-mirror/sites/vortexscience.com
