[2026-03-04 16:52:27] ============================================================
[2026-03-04 16:52:27] LIVE MIRROR: amasci.com
[2026-03-04 16:52:27] Seed: http://amasci.com
[2026-03-04 16:52:27] Seed path: /
[2026-03-04 16:52:27] Max link depth: 5
[2026-03-04 16:52:27] Output: /Users/esaruoho/work/merlib-mirror/sites/amasci.com
[2026-03-04 16:52:27] ============================================================
[2026-03-04 16:52:27] Crawling / (download-as-you-go)...
[2026-03-04 16:52:27]   [1 d0*] http://amasci.com  (1 OK, 0 queued)
[2026-03-04 16:52:27]     +68 links (69 total known)
[2026-03-04 16:52:28] Generating index...
[2026-03-04 16:52:28] Index: 1 files
[2026-03-04 16:52:28]   .html: 1
[2026-03-04 16:52:28] 
============================================================
[2026-03-04 16:52:28] LIVE MIRROR COMPLETE
[2026-03-04 16:52:28] Downloaded: 1, OK: 1, Failed: 0
[2026-03-04 16:52:28] Total URLs seen: 69
[2026-03-04 16:52:28] ============================================================
[2026-03-04 16:52:28] 
Next step: fe-ingest.sh /Users/esaruoho/work/merlib-mirror/sites/amasci.com
