[2026-03-04 16:54:37] ============================================================
[2026-03-04 16:54:37] LIVE MIRROR: iet-community.org
[2026-03-04 16:54:37] Seed: https://iet-community.org/
[2026-03-04 16:54:37] Seed path: /
[2026-03-04 16:54:37] Max link depth: 5
[2026-03-04 16:54:37] Output: /Users/esaruoho/work/merlib-mirror/sites/iet-community.org
[2026-03-04 16:54:37] ============================================================
[2026-03-04 16:54:37] Crawling / (download-as-you-go)...
[2026-03-04 16:54:37]   [1 d0*] https://iet-community.org/  (1 OK, 0 queued)
[2026-03-04 16:54:37]     +15 links (16 total known)
[2026-03-04 16:54:37] Generating index...
[2026-03-04 16:54:37] Index: 1 files
[2026-03-04 16:54:37]   .html: 1
[2026-03-04 16:54:37] 
============================================================
[2026-03-04 16:54:37] LIVE MIRROR COMPLETE
[2026-03-04 16:54:37] Downloaded: 1, OK: 1, Failed: 0
[2026-03-04 16:54:37] Total URLs seen: 16
[2026-03-04 16:54:37] ============================================================
[2026-03-04 16:54:37] 
Next step: fe-ingest.sh /Users/esaruoho/work/merlib-mirror/sites/iet-community.org
[2026-03-05 14:43:41] ============================================================
[2026-03-05 14:43:41] LIVE MIRROR: iet-community.org
[2026-03-05 14:43:41] Seed: https://iet-community.org/
[2026-03-05 14:43:41] Seed path: /
[2026-03-05 14:43:41] Max link depth: 5
[2026-03-05 14:43:41] Output: /Users/esaruoho/work/merlib-mirror/sites/iet-community.org
[2026-03-05 14:43:41] ============================================================
[2026-03-05 14:43:41] Crawling / (download-as-you-go)...
[2026-03-05 14:43:41]   [1 d0*] https://iet-community.org/  (1 OK, 0 queued)
[2026-03-05 14:43:41]     +15 links (16 total known)
[2026-03-05 14:43:42]   [2 d0*] https://iet-community.org/publications/index.html  (2 OK, 14 queued)
[2026-03-05 14:43:42]     +10 links (26 total known)
[2026-03-05 14:43:42]   [3 d0*] https://iet-community.org/publications/rapport-01.html  (3 OK, 23 queued)
[2026-03-05 14:43:42]     +1 links (27 total known)
[2026-03-05 14:43:43]   [4 d0*] https://iet-community.org/bilder/report-01.jpg  (4 OK, 23 queued)
[2026-03-05 14:43:44]   [5 d0*] https://iet-community.org/publications/reports/IET%20Forskningsrapporter%20Nr%202.pdf  (5 OK, 22 queued)
[2026-03-05 14:43:45]   [6 d0*] https://iet-community.org/publications/reports/IET%20Forskningsrapporter%20Nr%201.pdf  (6 OK, 21 queued)
[2026-03-05 14:43:46]   [7 d0*] https://iet-community.org/publications/reports/IET%20Scientific%20and%20Technical%20Reports%20No%201.pdf  (7 OK, 20 queued)
[2026-03-05 14:43:47]   [8 d0*] https://iet-community.org/bilder/linebluebody.gif  (8 OK, 19 queued)
[2026-03-05 14:43:48]   [9 d0*] https://iet-community.org/publications/sensibeltkaos.html  (9 OK, 18 queued)
[2026-03-05 14:43:48]     +1 links (28 total known)
[2026-03-05 14:43:48]   [10 d0*] https://iet-community.org/bilder/sensibeltkaos.jpg  (10 OK, 18 queued)
[2026-03-05 14:43:52]   [15 d0*] https://iet-community.org/publications/image.png  (15 OK, 14 queued)
[2026-03-05 14:43:55]   [20 d0*] https://iet-community.org/bilder/WaterRollsMorocko1.jpg  (20 OK, 11 queued)
[2026-03-05 14:43:59]   [25 d0*] https://iet-community.org/contribute/contribute.html  (25 OK, 6 queued)
[2026-03-05 14:44:01]   [30 d0*] http://www.iet-community.org/activities/iwone.html  (30 OK, 24 queued)
[2026-03-05 14:44:01]     +9 links (63 total known)
[2026-03-05 14:44:05]   [35 d0*] http://www.iet-community.org/iwone/IWONE6/abstracts.html  (35 OK, 38 queued)
[2026-03-05 14:44:08]   [40 d0*] http://www.iet-community.org/iwone/IWONE6/images/Skane.jpg  (40 OK, 39 queued)
[2026-03-05 14:44:11]   [45 d0*] http://www.iet-community.org/iwone/IWONE6/a-quick-glimpse.html  (45 OK, 34 queued)
[2026-03-05 14:44:14]   [50 d0*] http://www.iet-community.org/iwone/IWONE8/abstracts.html  (50 OK, 37 queued)
[2026-03-05 14:44:16]   [55 d0*] http://www.iet-community.org/iwone/IWONE8/gettinghere.html  (55 OK, 32 queued)
[2026-03-05 14:44:20]   [60 d0*] http://www.iet-community.org/iwone/IWONE8/presentations.html  (60 OK, 31 queued)
[2026-03-05 14:44:23]   [65 d0*] http://www.iet-community.org/iwone/IWONE3/IWONE_2007_Schedule.pdf  (64 OK, 33 queued)
[2026-03-05 14:44:28]   [70 d0*] http://www.iet-community.org/iwone/IWONE9/a-quick-glimpse.html  (69 OK, 36 queued)
[2026-03-05 14:44:28]     +1 links (107 total known)
[2026-03-05 14:44:31]   [75 d0*] http://www.iet-community.org/iwone/IWONE9/images/Hoor%20City%20liten.jpg  (74 OK, 36 queued)
[2026-03-05 14:44:34]   [80 d0*] http://www.iet-community.org/iwone/IWONE9/Invitation_to_IWONE_2019.pdf  (79 OK, 31 queued)
[2026-03-05 14:44:37]   [85 d0*] http://www.iet-community.org/iwone/IWONE7/gettinghere.html  (84 OK, 32 queued)
[2026-03-05 14:44:43]   [90 d0*] http://www.iet-community.org/iwone/IWONE7/Schedule_Iwone_2015_v1.pdf  (89 OK, 31 queued)
[2026-03-05 14:44:49]   [95 d0*] http://www.iet-community.org/iwone/IWONE4/Schedule_Iwone_2009_prel.pdf  (94 OK, 31 queued)
[2026-03-05 14:44:54]   [100 d0*] http://www.iet-community.org/iwone/IWONE4/iwone.png  (97 OK, 28 queued)
[2026-03-05 14:44:57]   [105 d0*] http://www.iet-community.org/iwone/IWONE2/register.html  (102 OK, 32 queued)
[2026-03-05 14:45:01]   [110 d0*] http://www.iet-community.org/iwone/IWONE2/enveloppe_01-over.gif  (107 OK, 27 queued)
[2026-03-05 14:45:05]   [115 d0*] http://www.iet-community.org/iwone/IWONE1/iwone_info.html  (112 OK, 25 queued)
[2026-03-05 14:45:09]   [120 d0*] http://www.iet-community.org/iwone/IWONE1/maison_01-over.gif  (117 OK, 28 queued)
[2026-03-05 14:45:13]   [125 d0*] http://www.iet-community.org/iwone/IWONE1/Wirbel_blau.jpg  (122 OK, 25 queued)
[2026-03-05 14:45:17]   [130 d0*] http://www.iet-community.org/iwone/IWONE10/gettinghere.html  (127 OK, 23 queued)
[2026-03-05 14:45:17]     +4 links (157 total known)
[2026-03-05 14:45:21]   [135 d0*] http://www.iet-community.org/publications/index.html  (132 OK, 22 queued)
[2026-03-05 14:45:23]   [140 d0*] http://www.iet-community.org/bilder/linebluebody.gif  (137 OK, 28 queued)
[2026-03-05 14:45:26]   [145 d0*] http://www.iet-community.org/publications/rapport-01.html  (142 OK, 24 queued)
[2026-03-05 14:45:29]   [150 d0*] http://www.iet-community.org/about/about.html  (147 OK, 20 queued)
[2026-03-05 14:45:29]     +5 links (175 total known)
[2026-03-05 14:45:32]   [155 d0*] http://www.iet-community.org/about/community.html  (152 OK, 22 queued)
[2026-03-05 14:45:35]   [160 d0*] http://www.iet-community.org/bilder/WaterRollsMorocko1.jpg  (157 OK, 21 queued)
[2026-03-05 14:45:37]   [165 d0*] http://www.iet-community.org/contribute/contribute.html  (162 OK, 17 queued)
[2026-03-05 14:45:40]   [170 d0*] http://www.iet-community.org/iwone/IWONE10/images/holma.jpg  (167 OK, 15 queued)
[2026-03-05 14:45:43]   [175 d0*] http://www.iet-community.org/iwone/IWONE10/a-quick-glimpse.html  (172 OK, 10 queued)
[2026-03-05 14:45:48]   [180 d0*] http://www.iet-community.org/research/research.html  (177 OK, 9 queued)
[2026-03-05 14:45:48]     +4 links (193 total known)
[2026-03-05 14:45:51]   [185 d0*] http://www.iet-community.org/bilder/images/knossos_07.gif  (182 OK, 18 queued)
[2026-03-05 14:45:54]   [190 d0*] http://www.iet-community.org/bilder/logflume.jpg  (187 OK, 13 queued)
[2026-03-05 14:45:57]   [195 d0*] http://www.iet-community.org/bilder/aggs.jpg  (192 OK, 17 queued)
[2026-03-05 14:46:01]   [200 d0*] http://www.iet-community.org/bilder/exswdelogga.jpg  (197 OK, 12 queued)
[2026-03-05 14:46:05]   [205 d0*] http://www.iet-community.org/bilder/images/arla_08.jpg  (202 OK, 39 queued)
[2026-03-05 14:46:08]   [210 d0*] http://www.iet-community.org/bilder/images/pond_02.jpg  (207 OK, 34 queued)
[2026-03-05 14:46:12]   [215 d0*] http://www.iet-community.org/bilder/images/pond_01.jpg  (212 OK, 29 queued)
[2026-03-05 14:46:15]   [220 d0*] http://www.iet-community.org/bilder/lineblueshort.gif  (217 OK, 24 queued)
[2026-03-05 14:46:18]   [225 d0*] http://www.iet-community.org/bilder/images/arla_10.jpg  (222 OK, 19 queued)
[2026-03-05 14:46:23]   [230 d0*] http://www.iet-community.org/bilder/images/augustenborg_06.jpg  (227 OK, 14 queued)
[2026-03-05 14:46:26]   [235 d0*] http://www.iet-community.org/bilder/images/pond_04.jpg  (232 OK, 9 queued)
[2026-03-05 14:46:30]   [240 d0*] http://www.iet-community.org/bilder/images/topbar_02.jpg  (237 OK, 6 queued)
[2026-03-05 14:46:32]   [245 d0*] https://iet-community.org/iwone/IWONE10/  (242 OK, 15 queued)
[2026-03-05 14:46:35]   [250 d0*] https://iet-community.org/iwone/IWONE10/images/Skaneliten.jpg  (247 OK, 22 queued)
[2026-03-05 14:46:37]   [255 d0*] https://iet-community.org/iwone/IWONE10/a-quick-glimpse.html  (252 OK, 18 queued)
[2026-03-05 14:46:40]   [260 d0*] https://iet-community.org/iwone/IWONE10/images/iwone.png  (257 OK, 17 queued)
[2026-03-05 14:46:43]   [265 d0*] https://iet-community.org/iwone/IWONE4/presentations.html  (262 OK, 17 queued)
[2026-03-05 14:46:47]   [270 d0*] https://iet-community.org/iwone/IWONE4/focus.html  (265 OK, 14 queued)
[2026-03-05 14:46:49]   [275 d0*] https://iet-community.org/iwone/IWONE3/focus.html  (269 OK, 15 queued)
[2026-03-05 14:46:52]   [280 d0*] https://iet-community.org/iwone/IWONE5/presentations.html  (274 OK, 17 queued)
[2026-03-05 14:46:54]   [285 d0*] https://iet-community.org/iwone/IWONE5/Schedule_Iwone_2011.pdf  (279 OK, 12 queued)
[2026-03-05 14:46:57]   [290 d0*] https://iet-community.org/iwone/IWONE7/images/Skaneliten.jpg  (284 OK, 17 queued)
[2026-03-05 14:46:59]   [295 d0*] https://iet-community.org/iwone/IWONE7/images/iwone.png  (289 OK, 12 queued)
[2026-03-05 14:47:02]   [300 d0*] https://iet-community.org/iwone/IWONE6/Schedule_Iwone_2013.pdf  (294 OK, 14 queued)
[2026-03-05 14:47:05]   [305 d0*] https://iet-community.org/iwone/IWONE6/images/Skane.jpg  (299 OK, 13 queued)
[2026-03-05 14:47:07]   [310 d0*] https://iet-community.org/iwone/IWONE9/Schedule_Iwone_2019.pdf  (304 OK, 16 queued)
[2026-03-05 14:47:10]   [315 d0*] https://iet-community.org/iwone/IWONE9/images/Skaneliten.jpg  (309 OK, 15 queued)
[2026-03-05 14:47:12]   [320 d0*] https://iet-community.org/iwone/IWONE9/presentations.html  (314 OK, 11 queued)
[2026-03-05 14:47:15]   [325 d0*] https://iet-community.org/iwone/IWONE1/maison_01-over.gif  (319 OK, 12 queued)
[2026-03-05 14:47:17]   [330 d0*] https://iet-community.org/iwone/IWONE1/report.html  (324 OK, 9 queued)
[2026-03-05 14:47:17]     +3 links (342 total known)
[2026-03-05 14:47:20]   [335 d0*] https://iet-community.org/iwone/IWONE2/iwone2_info.html  (329 OK, 7 queued)
[2026-03-05 14:47:22]   [340 d0*] https://iet-community.org/iwone/IWONE2/Skaneliten.jpg  (334 OK, 15 queued)
[2026-03-05 14:47:25]   [345 d0*] https://iet-community.org/iwone/IWONE2/Wirbel_blau.jpg  (339 OK, 10 queued)
[2026-03-05 14:47:28]   [350 d0*] https://iet-community.org/iwone/IWONE8/  (344 OK, 5 queued)
[2026-03-05 14:47:28]     +8 links (363 total known)
[2026-03-05 14:47:30]   [355 d0*] https://iet-community.org/iwone/IWONE8/gettinghere.html  (349 OK, 8 queued)
[2026-03-05 14:47:33]   [360 d0*] https://iet-community.org/iwone/IWONE8/focus.html  (354 OK, 7 queued)
[2026-03-05 14:47:35]   [365 d0*] https://iet-community.org/about/vision.html  (359 OK, 7 queued)
[2026-03-05 14:47:38]   [370 d0*] https://iet-community.org/about/join.html  (364 OK, 4 queued)
[2026-03-05 14:47:38]     +1 links (375 total known)
[2026-03-05 14:47:40]   [375 d0*] https://iet-community.org/research/research.html  (369 OK, 1 queued)
[2026-03-05 14:47:43]   [380 d0*] https://iet-community.org/bilder/images/dropchannel01_02.jpg  (374 OK, 9 queued)
[2026-03-05 14:47:45]   [385 d0*] https://iet-community.org/bilder/expopen.jpg  (379 OK, 4 queued)
[2026-03-05 14:47:48]   [390 d0*] https://iet-community.org/bilder/images/knossos_05.gif  (384 OK, 9 queued)
[2026-03-05 14:47:51]   [395 d0*] https://iet-community.org/bilder/images/knossos_03.gif  (389 OK, 4 queued)
[2026-03-05 14:47:53]   [400 d0*] https://iet-community.org/bilder/images/augustenborg_10.jpg  (394 OK, 31 queued)
[2026-03-05 14:47:56]   [405 d0*] https://iet-community.org/bilder/images/arla_03.jpg  (399 OK, 26 queued)
[2026-03-05 14:47:58]   [410 d0*] https://iet-community.org/bilder/images/arla_08.jpg  (404 OK, 21 queued)
[2026-03-05 14:48:01]   [415 d0*] https://iet-community.org/bilder/images/stone_04.gif  (409 OK, 16 queued)
[2026-03-05 14:48:03]   [420 d0*] https://iet-community.org/bilder/images/augustenborg_03.jpg  (414 OK, 11 queued)
[2026-03-05 14:48:06]   [425 d0*] https://iet-community.org/bilder/images/pond_02.jpg  (419 OK, 6 queued)
[2026-03-05 14:48:08]   [430 d0*] https://iet-community.org/bilder/vortexbarrel.jpg  (424 OK, 1 queued)
[2026-03-05 14:48:09] Generating index...
[2026-03-05 14:48:09] Index: 209 files
[2026-03-05 14:48:09]   .jpg: 90
[2026-03-05 14:48:09]   .html: 73
[2026-03-05 14:48:09]   .gif: 21
[2026-03-05 14:48:09]   .pdf: 16
[2026-03-05 14:48:09]   .png: 8
[2026-03-05 14:48:09]   .css: 1
[2026-03-05 14:48:09] 
============================================================
[2026-03-05 14:48:09] LIVE MIRROR COMPLETE
[2026-03-05 14:48:09] Downloaded: 431, OK: 425, Failed: 6
[2026-03-05 14:48:09] Total URLs seen: 431
[2026-03-05 14:48:09] ============================================================
[2026-03-05 14:48:09] 
Next step: fe-ingest.sh /Users/esaruoho/work/merlib-mirror/sites/iet-community.org
