[2026-03-07 16:10:05] ============================================================
[2026-03-07 16:10:05] LIVE MIRROR: matpitka.blogspot.com
[2026-03-07 16:10:05] Seed: https://matpitka.blogspot.com
[2026-03-07 16:10:05] Seed path: /
[2026-03-07 16:10:05] Max link depth: 5
[2026-03-07 16:10:05] Output: sites/matpitka.blogspot.com
[2026-03-07 16:10:05] ============================================================
[2026-03-07 16:10:05] Loaded 2444 seed URLs
[2026-03-07 16:10:05] Crawling / (download-as-you-go)...
[2026-03-07 16:10:05]   [1 d0*] https://matpitka.blogspot.com/2015/02/wittens-twistor-string-approach-and-tgd.html  (1 OK, 2443 queued)
[2026-03-07 16:10:05]     +279 links (2723 total known)
[2026-03-07 16:10:06]   [2 d0*] https://matpitka.blogspot.com/2010/08/  (2 OK, 2721 queued)
[2026-03-07 16:10:06]     +1 links (2724 total known)
[2026-03-07 16:10:08]   [3 d0*] http://matpitka.blogspot.com/2010/07/incredibly-shrinking-proton.html  (3 OK, 2721 queued)
[2026-03-07 16:10:08]     +1 links (2725 total known)
[2026-03-07 16:10:08]   [4 d0*] http://matpitka.blogspot.com/js/cookienotice.js  (4 OK, 2721 queued)
[2026-03-07 16:10:10]   [5 d0*] https://matpitka.blogspot.com/2022/02/  (5 OK, 2720 queued)
[2026-03-07 16:10:11]   [6 d0*] https://matpitka.blogspot.com/2019/02/  (6 OK, 2719 queued)
[2026-03-07 16:10:12]   [7 d0*] https://matpitka.blogspot.com/feeds/posts/default  (7 OK, 2718 queued)
[2026-03-07 16:10:13]   [8 d0*] https://matpitka.blogspot.com/2020/05/  (8 OK, 2717 queued)
[2026-03-07 16:10:14]   [9 d0*] https://matpitka.blogspot.com/2012/  (9 OK, 2716 queued)
[2026-03-07 16:10:15]   [10 d0*] https://matpitka.blogspot.com/2017/09/  (10 OK, 2715 queued)
[2026-03-07 16:10:21]   [15 d0*] https://matpitka.blogspot.com/2016/  (15 OK, 2712 queued)
[2026-03-07 16:10:26]   [20] 16 OK, 4 failed, 2711 queued
[2026-03-07 16:10:26]     last fail: https://matpitka.blogspot.com/tgdtheory.fi/pdfpool/nuclstring.pdf
[2026-03-07 16:10:36]   [30 d0*] https://matpitka.blogspot.com/2014/08/  (22 OK, 2705 queued)
[2026-03-07 16:10:48]   [40 d0*] https://matpitka.blogspot.com/2005/04/  (30 OK, 2698 queued)
[2026-03-07 16:10:53]   [45 d0*] https://matpitka.blogspot.com/2025/05/  (34 OK, 2694 queued)
[2026-03-07 16:10:59]   [50 d0*] http://matpitka.blogspot.com/2011/10/more-about-strange-charged-trilepton.html  (39 OK, 2692 queued)
[2026-03-07 16:10:59]     +1 links (2743 total known)
[2026-03-07 16:11:05]   [55 d0*] https://matpitka.blogspot.com/2008/01/  (44 OK, 2691 queued)
[2026-03-07 16:11:11]   [60 d0*] http://matpitka.blogspot.com/2007/12/dna-as-topological-quantum-computer-vi.html  (48 OK, 2696 queued)
[2026-03-07 16:11:18]   [65 d0*] http://matpitka.blogspot.com/2007/12/further-comments-about-dna-as.html  (53 OK, 2692 queued)
[2026-03-07 16:11:26]   [70 d0*] https://matpitka.blogspot.com/2015/04/  (58 OK, 2688 queued)
[2026-03-07 16:11:33]   [75 d0*] https://matpitka.blogspot.com/2018/08/  (63 OK, 2683 queued)
[2026-03-07 16:11:39]   [80 d0*] https://matpitka.blogspot.com/2012/12/  (66 OK, 2681 queued)
[2026-03-07 16:11:44]   [85 d0*] http://matpitka.blogspot.com/2007/03/more-about-higgs-candidate.html   (70 OK, 2679 queued)
[2026-03-07 16:11:58]   [100] 71 OK, 29 failed, 2679 queued
[2026-03-07 16:11:58]     last fail: https://matpitka.blogspot.com/en.wikipedia.org/wiki/Moons_of_Mars
[2026-03-07 16:12:04]   [105 d0*] http://matpitka.blogspot.com/2009/11/qft-limit-of-tgd-and-space-time.html  (75 OK, 2681 queued)
[2026-03-07 16:12:10]   [110 d0*] http://matpitka.blogspot.com/2009/08/indications-for-excited-states-of-z-0.html  (80 OK, 2683 queued)
[2026-03-07 16:12:16]   [115 d0*] http://matpitka.blogspot.com/2007/11/does-higgs-boson-appear-with-two-p-adic.html  (85 OK, 2680 queued)
[2026-03-07 16:12:23]   [120 d0*] https://matpitka.blogspot.com/2016/12/  (90 OK, 2675 queued)
[2026-03-07 16:12:29]   [125 d0*] https://matpitka.blogspot.com/2006/08/  (95 OK, 2670 queued)
[2026-03-07 16:12:35]   [130 d0*] https://matpitka.blogspot.com/2017/12/  (100 OK, 2668 queued)
[2026-03-07 16:12:41]   [135 d0*] https://matpitka.blogspot.com/2017/07/  (105 OK, 2664 queued)
[2026-03-07 16:12:48]   [140 d0*] http://matpitka.blogspot.com/2012/04/standard-views-about-cosmic-rays-and.html  (109 OK, 2662 queued)
[2026-03-07 16:12:56]   [145 d0*] https://matpitka.blogspot.com/2005/03/  (114 OK, 2657 queued)
[2026-03-07 16:13:02]   [150 d0*] https://matpitka.blogspot.com/2011/05/  (119 OK, 2653 queued)
[2026-03-07 16:13:02]     +9 links (2812 total known)
[2026-03-07 16:13:09]   [155 d0*] http://matpitka.blogspot.com/2010/10/tau-pions-again-but-now-in-galactic.html  (123 OK, 2660 queued)
[2026-03-07 16:13:15]   [160 d0*] http://matpitka.blogspot.com/2011/03/are-masses-of-top-and-antitop-quark.html  (126 OK, 2657 queued)
[2026-03-07 16:13:15]     +1 links (2818 total known)
[2026-03-07 16:13:22]   [165 d0*] http://matpitka.blogspot.com/2011/01/if-i-only-had-time.html  (131 OK, 2656 queued)
[2026-03-07 16:13:34]   [175 d0*] https://matpitka.blogspot.com/2017/11/  (137 OK, 2650 queued)
[2026-03-07 16:13:40]   [180] 140 OK, 40 failed, 2647 queued
[2026-03-07 16:13:40]     last fail: https://matpitka.blogspot.com/2024/07/tgdtheory.fi/public_html/articles/TGD2024II.pdf
[2026-03-07 16:13:47]   [185 d0*] http://matpitka.blogspot.com/2008/10/two-richistans.html  (145 OK, 2647 queued)
[2026-03-07 16:13:54]   [190 d0*] https://matpitka.blogspot.com/2016/01/  (150 OK, 2642 queued)
[2026-03-07 16:14:05]   [200] 156 OK, 44 failed, 2637 queued
[2026-03-07 16:14:05]     last fail: https://matpitka.blogspot.com/2013/12/tgdclass.html
[2026-03-07 16:14:10]   [205 d0*] https://matpitka.blogspot.com/2014/04/  (160 OK, 2633 queued)
[2026-03-07 16:14:16]   [210 d0*] https://matpitka.blogspot.com/2018/02/  (164 OK, 2629 queued)
[2026-03-07 16:14:21]   [215 d0*] https://matpitka.blogspot.com/2006/09/  (169 OK, 2624 queued)
[2026-03-07 16:14:27]   [220 d0*] https://matpitka.blogspot.com/2016/07/  (173 OK, 2621 queued)
[2026-03-07 16:14:33]   [225 d0*] https://matpitka.blogspot.com/2006/06/  (178 OK, 2619 queued)
[2026-03-07 16:14:39]   [230 d0*] https://matpitka.blogspot.com/2025/11/  (183 OK, 2616 queued)
[2026-03-07 16:14:46]   [235 d0*] http://matpitka.blogspot.com/2010/04/strange-quasars-do-not-show-time.html  (188 OK, 2615 queued)
[2026-03-07 16:14:52]   [240 d0*] https://matpitka.blogspot.com/2010/06/  (191 OK, 2612 queued)
[2026-03-07 16:14:58]   [245 d0*] http://matpitka.blogspot.com/2009/09/what-are-basic-equations-of-quantum-tgd.html  (196 OK, 2609 queued)
[2026-03-07 16:15:05]   [250 d0*] http://matpitka.blogspot.com/2007/05/simple-quantum-model-for-formation-of.html  (200 OK, 2608 queued)
[2026-03-07 16:15:11]   [255 d0*] https://matpitka.blogspot.com/2007/06/  (205 OK, 2603 queued)
[2026-03-07 16:15:17]   [260 d0*] http://matpitka.blogspot.com/2007/05/wittens-new-ideas-about-12-dimensional.html  (210 OK, 2608 queued)
[2026-03-07 16:15:22]   [265 d0*] http://matpitka.blogspot.com/2007/06/n2-dark-matter-allows-only-three.html  (215 OK, 2603 queued)
[2026-03-07 16:15:28]   [270 d0*] https://matpitka.blogspot.com/2018/05/  (219 OK, 2600 queued)
[2026-03-07 16:15:35]   [275 d0*] http://matpitka.blogspot.com/2007/04/nuclear-strings-and-cold-fusion.html  (224 OK, 2599 queued)
[2026-03-07 16:15:41]   [280 d0*] https://matpitka.blogspot.com/2012/01/  (229 OK, 2595 queued)
[2026-03-07 16:15:41]     +6 links (2881 total known)
[2026-03-07 16:15:47]   [285 d0*] http://matpitka.blogspot.com/2012/01/number-theoretical-universality-and.html  (233 OK, 2596 queued)
[2026-03-07 16:15:54]   [290 d0*] http://matpitka.blogspot.com/2009/06/genes-and-water-memory.html  (238 OK, 2596 queued)
[2026-03-07 16:15:54]     +2 links (2888 total known)
[2026-03-07 16:16:02]   [295 d0*] http://matpitka.blogspot.com/2009/07/water-electric-as-proto-cell.html  (243 OK, 2593 queued)
[2026-03-07 16:16:09]   [300 d0*] http://matpitka.blogspot.com/2008/06/relationship-between-super-canonical.html  (248 OK, 2592 queued)
[2026-03-07 16:16:14]   [305 d0*] http://matpitka.blogspot.com/2011/01/wittens-talk-about-knot-invariants.html  (251 OK, 2598 queued)
[2026-03-07 16:16:21]   [310 d0*] http://matpitka.blogspot.com/2010/10/unitarity-in-tgd-variant-of.html  (256 OK, 2594 queued)
[2026-03-07 16:16:27]   [315 d0*] https://matpitka.blogspot.com/2023/04/  (261 OK, 2589 queued)
[2026-03-07 16:16:33]   [320 d0*] http://matpitka.blogspot.com/2008/03/tgd-based-model-for-evolution-of_21.html  (266 OK, 2591 queued)
[2026-03-07 16:16:39]   [325 d0*] https://matpitka.blogspot.com/2006/03/  (271 OK, 2586 queued)
[2026-03-07 16:16:45]   [330 d0*] http://matpitka.blogspot.com/2007/09/photons-emitted-in-dropping-of-protons.html  (276 OK, 2582 queued)
[2026-03-07 16:16:51]   [335 d0*] http://matpitka.blogspot.com/2011/04/tgd-based-view-about-entropic-gravity.html  (281 OK, 2580 queued)
[2026-03-07 16:16:58]   [340 d0*] http://matpitka.blogspot.com/2006/08/dark-matter-in-astrophysics-and-in.html  (286 OK, 2578 queued)
[2026-03-07 16:17:04]   [345 d0*] https://matpitka.blogspot.com/2011/08/  (290 OK, 2574 queued)
[2026-03-07 16:17:10]   [350 d0*] http://matpitka.blogspot.com/2011/08/quantum-boolean-algebra-instead-of.html  (295 OK, 2587 queued)
[2026-03-07 16:17:16]   [355 d0*] http://matpitka.blogspot.com/2011/07/tension-in-particle-physics-circles-is.html  (300 OK, 2582 queued)
[2026-03-07 16:17:22]   [360 d0*] http://matpitka.blogspot.com/2011/06/zero-energy-ontology-polylogarithms-and.html  (304 OK, 2577 queued)
[2026-03-07 16:17:28]   [365 d0*] https://matpitka.blogspot.com/2024/03/  (309 OK, 2572 queued)
[2026-03-07 16:17:34]   [370 d0*] https://matpitka.blogspot.com/search/label/exoplanets  (314 OK, 2572 queued)
[2026-03-07 16:17:40]   [375 d0*] https://matpitka.blogspot.com/2008/09/  (319 OK, 2568 queued)
[2026-03-07 16:17:46]   [380] 323 OK, 57 failed, 2567 queued
[2026-03-07 16:17:46]     last fail: https://matpitka.blogspot.com/2017/01/tgdnumber.html
[2026-03-07 16:17:52]   [385 d0*] https://matpitka.blogspot.com/2020/08/  (328 OK, 2562 queued)
[2026-03-07 16:18:03]   [395 d0*] http://matpitka.blogspot.com/2011/10/pleasant-surprise.html  (334 OK, 2563 queued)
[2026-03-07 16:18:10]   [400 d0*] https://matpitka.blogspot.com/2013/05/  (339 OK, 2558 queued)
[2026-03-07 16:18:20]   [410 d0*] https://matpitka.blogspot.com/2025/09/  (345 OK, 2552 queued)
[2026-03-07 16:18:31]   [420] 350 OK, 70 failed, 2548 queued
[2026-03-07 16:18:31]     last fail: https://matpitka.blogspot.com/2023/{https:/rb.gy/mfhavz
[2026-03-07 16:18:42]   [430 d0*] https://matpitka.blogspot.com/2021/12/  (358 OK, 2540 queued)
[2026-03-07 16:18:48]   [435 d0*] https://matpitka.blogspot.com/2005/09/  (362 OK, 2536 queued)
[2026-03-07 16:18:52]   [440 d0*] https://matpitka.blogspot.com/2023/09/  (365 OK, 2533 queued)
[2026-03-07 16:19:01]   [450 d0*] https://matpitka.blogspot.com/2013/10/  (369 OK, 2529 queued)
[2026-03-07 16:19:06]   [455 d0*] https://matpitka.blogspot.com/js/cookienotice.js  (372 OK, 2526 queued)
[2026-03-07 16:19:11]   [460 d0*] https://matpitka.blogspot.com/2010/03/  (376 OK, 2522 queued)
[2026-03-07 16:19:16]   [465 d0*] https://matpitka.blogspot.com/2026/02/  (380 OK, 2518 queued)
[2026-03-07 16:19:22]   [470 d0*] http://matpitka.blogspot.com/2007/10/how-uniquely-connes-tensor-product.html  (385 OK, 2518 queued)
[2026-03-07 16:19:28]   [475 d0*] https://matpitka.blogspot.com/2021/07/  (389 OK, 2514 queued)
[2026-03-07 16:19:33]   [480 d0*] http://matpitka.blogspot.com/2008/10/category-theory-and-symplectic-qft.html  (394 OK, 2510 queued)
[2026-03-07 16:19:38]   [485 d0*] https://matpitka.blogspot.com/2026/01/  (399 OK, 2505 queued)
[2026-03-07 16:19:45]   [490 d0*] https://matpitka.blogspot.com/feeds/posts/default?alt=rss  (404 OK, 2501 queued)
[2026-03-07 16:19:54]   [500] 407 OK, 93 failed, 2501 queued
[2026-03-07 16:19:54]     last fail: https://matpitka.blogspot.com/2024/12/:/tgdtheory.fi/public_html/articles/bioharmony2020.pdf
[2026-03-07 16:20:04]   [510 d0*] https://matpitka.blogspot.com/2024/04/  (413 OK, 2492 queued)
[2026-03-07 16:20:14]   [520 d0*] https://matpitka.blogspot.com/2023/12/  (419 OK, 2486 queued)
[2026-03-07 16:20:14]     +1 links (3007 total known)
[2026-03-07 16:20:22]   [525 d0*] https://matpitka.blogspot.com/2018/11/  (423 OK, 2483 queued)
[2026-03-07 16:20:28]   [530 d0*] http://matpitka.blogspot.com/2007/12/experimental-evidence-for-accelerated.html  (428 OK, 2479 queued)
[2026-03-07 16:20:35]   [535 d0*] http://matpitka.blogspot.com/2012/02/more-evidence-for-ir-regge-trajectories.html  (432 OK, 2482 queued)
[2026-03-07 16:20:42]   [540 d0*] http://matpitka.blogspot.com/2011/11/time-for-time.html  (437 OK, 2478 queued)
[2026-03-07 16:20:42]     +1 links (3019 total known)
[2026-03-07 16:20:58]   [555 d0*] http://matpitka.blogspot.com/2006/01/reduction-of-long-length-scale-real.html  (450 OK, 2471 queued)
[2026-03-07 16:21:03]   [560 d0*] https://matpitka.blogspot.com/2021/03/  (455 OK, 2466 queued)
[2026-03-07 16:21:22]   [580 d0*] https://matpitka.blogspot.com/2011/11/  (463 OK, 2459 queued)
[2026-03-07 16:21:22]     +1 links (3040 total known)
[2026-03-07 16:21:28]   [585 d0*] https://matpitka.blogspot.com/2018/12/  (468 OK, 2457 queued)
[2026-03-07 16:21:43]   [600 d0*] https://matpitka.blogspot.com/2012/06/  (480 OK, 2445 queued)
[2026-03-07 16:21:49]   [605 d0*] https://matpitka.blogspot.com/2015/12/solution-of-ni62-mystery-associated.html  (484 OK, 2442 queued)
[2026-03-07 16:21:53]   [610 d0*] https://matpitka.blogspot.com/2023/07/breakthrough-in-understanding-of-energy.html  (489 OK, 2437 queued)
[2026-03-07 16:21:58]   [615 d0*] https://matpitka.blogspot.com/2015/04/what-could-be-origin-of-p-adic-length.html  (494 OK, 2432 queued)
[2026-03-07 16:22:03]   [620 d0*] https://matpitka.blogspot.com/2007/12/dna-as-topological-quantum-computer-v.html  (499 OK, 2427 queued)
[2026-03-07 16:22:09]   [625 d0*] https://matpitka.blogspot.com/2020/08/nature-physics-and-physics.html  (504 OK, 2422 queued)
[2026-03-07 16:22:18]   [630 d0*] https://matpitka.blogspot.com/2025/02/conscious-associative-learning-as.html  (509 OK, 2417 queued)
[2026-03-07 16:22:24]   [635 d0*] https://matpitka.blogspot.com/2021/09/tgd-as-it-is-towards-end-of-2021.html  (514 OK, 2412 queued)
[2026-03-07 16:22:31]   [640 d0*] https://matpitka.blogspot.com/2023/01/fermi-bubbles-as-expanding-magnetic.html  (519 OK, 2408 queued)
[2026-03-07 16:22:39]   [645 d0*] https://matpitka.blogspot.com/2019/11/new-surprises-from-mars.html  (524 OK, 2403 queued)
[2026-03-07 16:22:46]   [650 d0*] https://matpitka.blogspot.com/2025/10/the-internal-degrees-of-freedom-related.html  (529 OK, 2398 queued)
[2026-03-07 16:22:51]   [655 d0*] https://matpitka.blogspot.com/2021/02/is-analysis-as-cognitive-process.html  (534 OK, 2393 queued)
[2026-03-07 16:22:58]   [660 d0*] https://matpitka.blogspot.com/2012/07/is-it-really-higgs.html  (539 OK, 2388 queued)
[2026-03-07 16:23:04]   [665 d0*] https://matpitka.blogspot.com/2019/09/how-new-view-about-solar-fusion-forces.html  (544 OK, 2383 queued)
[2026-03-07 16:23:10]   [670 d0*] https://matpitka.blogspot.com/2019/10/how-consciousness-does-webs-its-path.html  (549 OK, 2378 queued)
[2026-03-07 16:23:15]   [675 d0*] https://matpitka.blogspot.com/2007/08/modest-proposal.html  (554 OK, 2373 queued)
[2026-03-07 16:23:22]   [680 d0*] https://matpitka.blogspot.com/2024/03/new-findings-related-to-chiral.html  (559 OK, 2368 queued)
[2026-03-07 16:23:28]   [685 d0*] https://matpitka.blogspot.com/2020/05/could-universe-could-have-north-south.html  (564 OK, 2363 queued)
[2026-03-07 16:23:33]   [690 d0*] https://matpitka.blogspot.com/2011/12/about-notion-of-conscious-hologram.html  (569 OK, 2358 queued)
[2026-03-07 16:23:40]   [695 d0*] https://matpitka.blogspot.com/2016/04/quantum-crtical-dark-matter-and.html  (574 OK, 2353 queued)
[2026-03-07 16:23:44]   [700 d0*] https://matpitka.blogspot.com/2017/07/generalization-of-riemann-zeta-to.html  (579 OK, 2348 queued)
[2026-03-07 16:23:51]   [705 d0*] https://matpitka.blogspot.com/2016/03/evidence-for-eta-meson-of-m-89-hadron.html  (584 OK, 2343 queued)
[2026-03-07 16:23:57]   [710 d0*] https://matpitka.blogspot.com/2018/09/is-it-possible-to-determine.html  (589 OK, 2338 queued)
[2026-03-07 16:24:04]   [715 d0*] https://matpitka.blogspot.com/2023/02/questions-related-to-causal-diamonds.html  (594 OK, 2333 queued)
[2026-03-07 16:24:09]   [720 d0*] https://matpitka.blogspot.com/2017/12/dmt-pineal-gland-and-new-view-about.html  (599 OK, 2328 queued)
[2026-03-07 16:24:16]   [725 d0*] https://matpitka.blogspot.com/2020/07/this-posting-was-inspired-by-popular.html  (604 OK, 2323 queued)
[2026-03-07 16:24:21]   [730 d0*] https://matpitka.blogspot.com/2007/11/comments-about-e-8-theory-of-garrett.html  (609 OK, 2318 queued)
[2026-03-07 16:24:27]   [735 d0*] https://matpitka.blogspot.com/2019/11/cosmology-is-in-crisis-again.html  (614 OK, 2313 queued)
[2026-03-07 16:24:32]   [740 d0*] https://matpitka.blogspot.com/2020/03/why-diseases-do-not-like-alkaline.html  (619 OK, 2308 queued)
[2026-03-07 16:24:38]   [745 d0*] https://matpitka.blogspot.com/2017/04/what-could-be-role-of-complexity-theory.html  (624 OK, 2303 queued)
[2026-03-07 16:24:43]   [750 d0*] https://matpitka.blogspot.com/2012/09/updated-view-about-hierarchy-of-planck.html  (629 OK, 2298 queued)
[2026-03-07 16:24:48]   [755 d0*] https://matpitka.blogspot.com/2024/11/does-universality-of-holography.html  (634 OK, 2293 queued)
[2026-03-07 16:24:54]   [760 d0*] https://matpitka.blogspot.com/2013/05/how-sequence-of-quantum-jumps-could.html  (639 OK, 2288 queued)
[2026-03-07 16:24:59]   [765 d0*] https://matpitka.blogspot.com/2009/10/zero-energy-ontology-and-quantum.html  (644 OK, 2283 queued)
[2026-03-07 16:25:06]   [770 d0*] https://matpitka.blogspot.com/2009/08/is-n8-supergravity-finite.html  (649 OK, 2278 queued)
[2026-03-07 16:25:10]   [775 d0*] https://matpitka.blogspot.com/2007/08/allais-effect-as-evidence-for-large.html  (654 OK, 2273 queued)
[2026-03-07 16:25:15]   [780 d0*] https://matpitka.blogspot.com/2015/02/does-flow-of-subjective-time-correspond.html  (659 OK, 2268 queued)
[2026-03-07 16:25:20]   [785 d0*] https://matpitka.blogspot.com/2013/02/p-adic-symmetries.html  (664 OK, 2263 queued)
[2026-03-07 16:25:26]   [790 d0*] https://matpitka.blogspot.com/2013/09/what-could-4-fermion-twistor-amplitudes.html  (669 OK, 2258 queued)
[2026-03-07 16:25:31]   [795 d0*] https://matpitka.blogspot.com/2017/10/more-about-dark-nucleosynthesis.html  (674 OK, 2253 queued)
[2026-03-07 16:25:37]   [800 d0*] https://matpitka.blogspot.com/2012/06/about-deformations-of-known-extremals.html  (679 OK, 2248 queued)
[2026-03-07 16:25:42]   [805 d0*] http://matpitka.blogspot.com/2011/12/quark-gluon-plasma-in-tgd-universe.html  (684 OK, 2246 queued)
[2026-03-07 16:25:49]   [810 d0*] http://matpitka.blogspot.com/2007/10/krishnamurti-and-revolution-of.html  (689 OK, 2244 queued)
[2026-03-07 16:25:54]   [815 d0*] https://matpitka.blogspot.com/2024/12/from-blackhole-likes-to-time-reversed.html  (694 OK, 2239 queued)
[2026-03-07 16:25:59]   [820 d0*] https://matpitka.blogspot.com/2020/07/what-next-in-tgd.html  (699 OK, 2234 queued)
[2026-03-07 16:26:04]   [825 d0*] https://matpitka.blogspot.com/2015/08/flux-tube-description-seems-to-apply.html  (704 OK, 2229 queued)
[2026-03-07 16:26:09]   [830 d0*] https://matpitka.blogspot.com/2019/05/mckay-correspondence-ade-hierarchy-and.html  (709 OK, 2224 queued)
[2026-03-07 16:26:14]   [835 d0*] https://matpitka.blogspot.com/2006/10/comment-to-not-even-wrong.html  (714 OK, 2219 queued)
[2026-03-07 16:26:20]   [840 d0*] https://matpitka.blogspot.com/2024/05/in-what-sense-early-universe-could.html  (719 OK, 2214 queued)
[2026-03-07 16:26:25]   [845 d0*] https://matpitka.blogspot.com/2023/11/still-about-symmetries-of-wcw.html  (724 OK, 2209 queued)
[2026-03-07 16:26:31]   [850 d0*] https://matpitka.blogspot.com/2019/04/about-physical-interpretation-of.html  (729 OK, 2204 queued)
[2026-03-07 16:26:36]   [855 d0*] https://matpitka.blogspot.com/2018/04/too-thin-em-waves-in-graphene.html  (734 OK, 2199 queued)
[2026-03-07 16:26:41]   [860 d0*] https://matpitka.blogspot.com/2020/02/three-variants-of-dark-genetic-code-and.html  (739 OK, 2194 queued)
[2026-03-07 16:26:46]   [865 d0*] https://matpitka.blogspot.com/2022/09/invisible-magnetic-fields-as-support.html  (744 OK, 2189 queued)
[2026-03-07 16:26:50]   [870 d0*] https://matpitka.blogspot.com/2021/05/updated-version-of-expanding-earth-model.html  (749 OK, 2184 queued)
[2026-03-07 16:26:55]   [875 d0*] https://matpitka.blogspot.com/2016/06/x-boson-anomaly-and-its-relation-to-lhc.html  (754 OK, 2179 queued)
[2026-03-07 16:27:00]   [880 d0*] https://matpitka.blogspot.com/2022/04/objection-against-quantum-gravitational.html  (759 OK, 2174 queued)
[2026-03-07 16:27:05]   [885 d0*] https://matpitka.blogspot.com/2023/07/abstracts-of-two-articles-involving.html  (764 OK, 2169 queued)
[2026-03-07 16:27:10]   [890 d0*] https://matpitka.blogspot.com/2009/11/experimental-breakthough-in-quantum.html  (769 OK, 2164 queued)
[2026-03-07 16:27:15]   [895 d0*] https://matpitka.blogspot.com/2021/08/hyperon-problem-of-stellar-cores-in-tgd.html  (774 OK, 2159 queued)
[2026-03-07 16:27:22]   [900 d0*] https://matpitka.blogspot.com/2017/05/excess-of-cosmic-ray-antiprotons-as.html  (779 OK, 2154 queued)
[2026-03-07 16:27:27]   [905 d0*] https://matpitka.blogspot.com/2023/07/a-revolution-in-lithium-sulphur-battery.html  (784 OK, 2149 queued)
[2026-03-07 16:27:33]   [910 d0*] https://matpitka.blogspot.com/2015/10/neurons-have-their-private-genomes.html  (789 OK, 2144 queued)
[2026-03-07 16:27:38]   [915 d0*] https://matpitka.blogspot.com/2017/12/about-model-for-control-of-biological.html  (794 OK, 2139 queued)
[2026-03-07 16:27:43]   [920 d0*] https://matpitka.blogspot.com/2025/10/the-surprise-of-year-nobel-prize-for.html  (799 OK, 2134 queued)
[2026-03-07 16:27:49]   [925 d0*] https://matpitka.blogspot.com/2023/08/gravitational-memory-and-possible.html  (804 OK, 2129 queued)
[2026-03-07 16:27:54]   [930 d0*] https://matpitka.blogspot.com/2012/07/role-of-right-handed-neutrino-in-tgd.html  (809 OK, 2124 queued)
[2026-03-07 16:28:00]   [935 d0*] https://matpitka.blogspot.com/2018/06/improved-reckless-speculation-about.html  (814 OK, 2119 queued)
[2026-03-07 16:28:04]   [940 d0*] https://matpitka.blogspot.com/2012/10/could-hyperbolic-3-manifolds-and.html  (819 OK, 2114 queued)
[2026-03-07 16:28:10]   [945 d0*] http://matpitka.blogspot.com/2011/10/access-denied-in-science20-blogs.html  (824 OK, 2111 queued)
[2026-03-07 16:28:15]   [950 d0*] https://matpitka.blogspot.com/2012/08/black-holes-and-tgd.html  (829 OK, 2106 queued)
[2026-03-07 16:28:20]   [955 d0*] https://matpitka.blogspot.com/2025/06/could-anita-anomaly-be-due-to-dark.html  (834 OK, 2101 queued)
[2026-03-07 16:28:25]   [960 d0*] https://matpitka.blogspot.com/2021/04/three-alternative-generalizations-of.html  (839 OK, 2096 queued)
[2026-03-07 16:28:31]   [965 d0*] https://matpitka.blogspot.com/2020/06/indications-for-axionlike-state-in-mass.html  (844 OK, 2091 queued)
[2026-03-07 16:28:38]   [970 d0*] https://matpitka.blogspot.com/2017/11/dark-nucleosynthesis-and-stellar.html  (849 OK, 2086 queued)
[2026-03-07 16:28:44]   [975 d0*] https://matpitka.blogspot.com/2023/03/a-tgd-inspired-model-for-solar-flares.html  (854 OK, 2081 queued)
[2026-03-07 16:28:48]   [980 d0*] https://matpitka.blogspot.com/2011/12/persingers-work-with-god-helmet.html  (859 OK, 2076 queued)
[2026-03-07 16:28:54]   [985 d0*] https://matpitka.blogspot.com/2012/09/dark-haze.html  (864 OK, 2071 queued)
[2026-03-07 16:29:00]   [990 d0*] https://matpitka.blogspot.com/2023/06/more-about-reduction-of-boson-fermion.html  (869 OK, 2066 queued)
[2026-03-07 16:29:05]   [995 d0*] https://matpitka.blogspot.com/2005/10/effects-of-elf-em-fields-on-brain-and.html  (874 OK, 2061 queued)
[2026-03-07 16:29:10]   [1000 d0*] https://matpitka.blogspot.com/2013/05/cold-fusion-is-becoming-real.html  (879 OK, 2056 queued)
[2026-03-07 16:29:15]   [1005 d0*] https://matpitka.blogspot.com/2019/04/shnoll-effect-decade-later.html  (884 OK, 2051 queued)
[2026-03-07 16:29:19]   [1010 d0*] https://matpitka.blogspot.com/2024/05/why-communication-of-tgd-to-theoretical.html  (889 OK, 2046 queued)
[2026-03-07 16:29:24]   [1015 d0*] https://matpitka.blogspot.com/2007/08/to-say-that-it-is-good-to-be-good-is.html  (894 OK, 2041 queued)
[2026-03-07 16:29:30]   [1020 d0*] https://matpitka.blogspot.com/2025/03/a-more-detailed-view-about-tgd.html  (899 OK, 2036 queued)
[2026-03-07 16:29:35]   [1025 d0*] https://matpitka.blogspot.com/2008/04/tgd-based-model-for-evolution-of.html  (904 OK, 2031 queued)
[2026-03-07 16:29:40]   [1030 d0*] https://matpitka.blogspot.com/2025/03/oxygen-is-discovered-in-most-distant.html  (909 OK, 2026 queued)
[2026-03-07 16:29:46]   [1035 d0*] https://matpitka.blogspot.com/2020/04/can-tgd-predict-value-of-newtons.html  (914 OK, 2021 queued)
[2026-03-07 16:29:51]   [1040 d0*] https://matpitka.blogspot.com/2006/05/tree-like-structure-of-extended.html  (919 OK, 2016 queued)
[2026-03-07 16:29:57]   [1045 d0*] https://matpitka.blogspot.com/2016/10/impressions-from-sse-2016-conference.html  (924 OK, 2011 queued)
[2026-03-07 16:30:02]   [1050 d0*] https://matpitka.blogspot.com/2018/08/what-perfectoid-and-its-tilt-introduced.html  (929 OK, 2006 queued)
[2026-03-07 16:30:06]   [1055 d0*] https://matpitka.blogspot.com/2007/12/dna-as-topological-quantum-computer-vii.html  (934 OK, 2001 queued)
[2026-03-07 16:30:11]   [1060 d0*] https://matpitka.blogspot.com/2010/09/exact-yangian-symmetry-non-trivial.html  (939 OK, 1996 queued)
[2026-03-07 16:30:17]   [1065 d0*] https://matpitka.blogspot.com/2005/03/further-empirical-support-for-many.html  (944 OK, 1991 queued)
[2026-03-07 16:30:22]   [1070 d0*] https://matpitka.blogspot.com/2018/04/maxwells-lever-rule-and-expansion-of.html  (949 OK, 1986 queued)
[2026-03-07 16:30:27]   [1075 d0*] https://matpitka.blogspot.com/2025/09/explicit-formulas-for-vertices-in-tgd.html  (954 OK, 1981 queued)
[2026-03-07 16:30:31]   [1080 d0*] https://matpitka.blogspot.com/2024/11/could-running-computer-program-gives.html  (959 OK, 1976 queued)
[2026-03-07 16:30:36]   [1085 d0*] https://matpitka.blogspot.com/2022/06/a-duality-between-certain-non-hermitian.html  (964 OK, 1971 queued)
[2026-03-07 16:30:42]   [1090 d0*] https://matpitka.blogspot.com/2010/02/request-for-help.html  (969 OK, 1966 queued)
[2026-03-07 16:30:47]   [1095 d0*] https://matpitka.blogspot.com/2020/07/m-8-h-duality-for-fermions.html  (974 OK, 1961 queued)
[2026-03-07 16:30:52]   [1100 d0*] https://matpitka.blogspot.com/2010/08/can-one-define-conserved-poincare.html  (979 OK, 1956 queued)
[2026-03-07 16:30:57]   [1105 d0*] https://matpitka.blogspot.com/2025/05/twistorialization-at-level-of-m-8.html  (984 OK, 1951 queued)
[2026-03-07 16:31:02]   [1110 d0*] https://matpitka.blogspot.com/2018/10/learning-by-conditioning-and-learning.html  (989 OK, 1946 queued)
[2026-03-07 16:31:08]   [1115 d0*] https://matpitka.blogspot.com/2021/12/spin-glasses-complexity-and-tgd.html  (994 OK, 1941 queued)
[2026-03-07 16:31:14]   [1120 d0*] https://matpitka.blogspot.com/2012/07/at-eve-of-discovery.html  (999 OK, 1936 queued)
[2026-03-07 16:31:19]   [1125 d0*] https://matpitka.blogspot.com/2015/09/first-indications-for-breaking-of.html  (1004 OK, 1931 queued)
[2026-03-07 16:31:25]   [1130 d0*] https://matpitka.blogspot.com/2022/01/the-honeycomb-of-large-voids-as.html  (1009 OK, 1926 queued)
[2026-03-07 16:31:30]   [1135 d0*] https://matpitka.blogspot.com/2021/06/some-questions-concerning-zero-energy.html  (1014 OK, 1921 queued)
[2026-03-07 16:31:35]   [1140 d0*] https://matpitka.blogspot.com/2010/06/weak-form-of-electric-magnetic-duality.html  (1019 OK, 1916 queued)
[2026-03-07 16:31:40]   [1145 d0*] https://matpitka.blogspot.com/2012/06/neutron-anomaly-as-evidence-for-many.html  (1024 OK, 1911 queued)
[2026-03-07 16:31:45]   [1150 d0*] https://matpitka.blogspot.com/2007/04/de-coherence-and-differential-topology.html  (1029 OK, 1906 queued)
[2026-03-07 16:31:50]   [1155 d0*] https://matpitka.blogspot.com/2023/07/deep-learning-from-tgd-point-of-view.html  (1034 OK, 1901 queued)
[2026-03-07 16:31:53]   [1160 d0*] https://matpitka.blogspot.com/2007/02/jones-inclusions-and-construction-of-s.html  (1039 OK, 1896 queued)
[2026-03-07 16:31:59]   [1165 d0*] https://matpitka.blogspot.com/2006/06/n4-sca-as-basic-symmetry-of-tgd-and.html  (1044 OK, 1891 queued)
[2026-03-07 16:32:06]   [1170 d0*] https://matpitka.blogspot.com/2022/10/why-do-meteors-always-land-in-craters.html  (1049 OK, 1886 queued)
[2026-03-07 16:32:11]   [1175 d0*] https://matpitka.blogspot.com/2006/10/comments-about-p-adic-mass.html  (1054 OK, 1881 queued)
[2026-03-07 16:32:17]   [1180 d0*] https://matpitka.blogspot.com/2020/10/dna-and-time-reversal.html  (1059 OK, 1876 queued)
[2026-03-07 16:32:22]   [1185 d0*] https://matpitka.blogspot.com/2008/02/quantum-model-of-nerve-pulse-vi.html  (1064 OK, 1871 queued)
[2026-03-07 16:32:27]   [1190 d0*] https://matpitka.blogspot.com/2018/02/how-did-language-emerge.html  (1069 OK, 1866 queued)
[2026-03-07 16:32:33]   [1195 d0*] https://matpitka.blogspot.com/2007/03/tgd-universe-from-condition-that-all.html  (1074 OK, 1861 queued)
[2026-03-07 16:32:38]   [1200 d0*] https://matpitka.blogspot.com/2023/01/magnetic-bubbles-in-tgd-universe.html  (1079 OK, 1856 queued)
[2026-03-07 16:32:43]   [1205 d0*] https://matpitka.blogspot.com/2008/10/could-operads-allow-formulation-of.html  (1084 OK, 1851 queued)
[2026-03-07 16:32:49]   [1210 d0*] https://matpitka.blogspot.com/2019/09/the-mysterious-dichloromethane-droplet.html  (1089 OK, 1846 queued)
[2026-03-07 16:32:54]   [1215 d0*] https://matpitka.blogspot.com/2013/09/a-little-comment-about-hierarchy-of.html  (1094 OK, 1841 queued)
[2026-03-07 16:32:59]   [1220 d0*] https://matpitka.blogspot.com/2024/12/has-google-discovered-something-new-or.html  (1099 OK, 1836 queued)
[2026-03-07 16:33:04]   [1225 d0*] https://matpitka.blogspot.com/2008/12/new-address-for-url.html  (1104 OK, 1831 queued)
[2026-03-07 16:33:10]   [1230 d0*] https://matpitka.blogspot.com/2012/10/do-blackholes-and-blackhole-evaporation.html  (1109 OK, 1826 queued)
[2026-03-07 16:33:15]   [1235 d0*] https://matpitka.blogspot.com/2024/04/what-singularities-can-correspond-to.html  (1114 OK, 1821 queued)
[2026-03-07 16:33:21]   [1240 d0*] https://matpitka.blogspot.com/2018/04/new-evidence-for-blackhole-echoes.html  (1119 OK, 1816 queued)
[2026-03-07 16:33:27]   [1245 d0*] https://matpitka.blogspot.com/2016/01/should-we-start-to-bury-free-will.html  (1124 OK, 1811 queued)
[2026-03-07 16:33:33]   [1250 d0*] https://matpitka.blogspot.com/2017/09/super-number-fields-does-physics-emerge.html  (1129 OK, 1806 queued)
[2026-03-07 16:33:40]   [1255 d0*] https://matpitka.blogspot.com/2006/10/quantization-of-modified-dirac-action.html  (1134 OK, 1801 queued)
[2026-03-07 16:33:45]   [1260 d0*] https://matpitka.blogspot.com/2011/05/another-approach-to-primordial-cell.html  (1139 OK, 1796 queued)
[2026-03-07 16:33:51]   [1265 d0*] https://matpitka.blogspot.com/2007/10/yes-it-rotates-but-in-what-direction.html  (1144 OK, 1791 queued)
[2026-03-07 16:33:56]   [1270 d0*] https://matpitka.blogspot.com/2019/01/solution-of-renormalization-group.html  (1149 OK, 1786 queued)
[2026-03-07 16:34:01]   [1275 d0*] https://matpitka.blogspot.com/2006/07/infinite-primes-cognition-and.html  (1154 OK, 1781 queued)
[2026-03-07 16:34:06]   [1280 d0*] https://matpitka.blogspot.com/2007/06/empirical-support-for-tgd-based-model.html  (1159 OK, 1776 queued)
[2026-03-07 16:34:11]   [1285 d0*] https://matpitka.blogspot.com/2025/01/what-are-mysterious-structures-observed.html  (1164 OK, 1771 queued)
[2026-03-07 16:34:17]   [1290 d0*] https://matpitka.blogspot.com/2008/06/what-goes-wrong-with-string-models.html  (1169 OK, 1766 queued)
[2026-03-07 16:34:23]   [1295 d0*] https://matpitka.blogspot.com/2017/11/dark-matter-explanation-for-cosmic-ray.html  (1174 OK, 1761 queued)
[2026-03-07 16:34:28]   [1300 d0*] https://matpitka.blogspot.com/2025/04/realization-of-concept-as-set-of-space.html  (1179 OK, 1756 queued)
[2026-03-07 16:34:33]   [1305 d0*] https://matpitka.blogspot.com/2005/04/feynman-diagrams-within-feynman.html  (1184 OK, 1751 queued)
[2026-03-07 16:34:38]   [1310 d0*] https://matpitka.blogspot.com/2015/04/can-one-identify-quantum-physical.html  (1189 OK, 1746 queued)
[2026-03-07 16:34:43]   [1315 d0*] https://matpitka.blogspot.com/2014/05/string-world-sheets-partonic-2-surfaces.html  (1194 OK, 1741 queued)
[2026-03-07 16:34:48]   [1320 d0*] https://matpitka.blogspot.com/2018/01/maxwells-demon-from-tgd-viewpoint_30.html  (1199 OK, 1736 queued)
[2026-03-07 16:34:53]   [1325 d0*] https://matpitka.blogspot.com/2014/07/what-self-is.html  (1204 OK, 1731 queued)
[2026-03-07 16:34:59]   [1330 d0*] https://matpitka.blogspot.com/2015/01/biochemical-communications-as.html  (1209 OK, 1726 queued)
[2026-03-07 16:35:04]   [1335 d0*] https://matpitka.blogspot.com/2021/10/braids-anyons-and-galois-groups.html  (1214 OK, 1721 queued)
[2026-03-07 16:35:10]   [1340 d0*] https://matpitka.blogspot.com/2005/12/dark-matter-hierarchy-and-evolution.html  (1219 OK, 1716 queued)
[2026-03-07 16:35:14]   [1345 d0*] https://matpitka.blogspot.com/2007/08/peter-woit-and-consciousness.html  (1224 OK, 1711 queued)
[2026-03-07 16:35:19]   [1350 d0*] https://matpitka.blogspot.com/2025/02/why-life-would-be-experienced-as.html  (1229 OK, 1706 queued)
[2026-03-07 16:35:24]   [1355 d0*] https://matpitka.blogspot.com/2023/11/kundalini-phenomenon-from-tgd-point-of.html  (1234 OK, 1701 queued)
[2026-03-07 16:35:31]   [1360 d0*] https://matpitka.blogspot.com/2017/03/getting-quantitative-about-violations.html  (1239 OK, 1696 queued)
[2026-03-07 16:35:36]   [1365 d0*] https://matpitka.blogspot.com/2009/11/why-susy-would-not-allow-fields-with.html  (1244 OK, 1691 queued)
[2026-03-07 16:35:40]   [1370 d0*] https://matpitka.blogspot.com/2011/07/reducing-non-planar-diagrams-to-planar.html  (1249 OK, 1686 queued)
[2026-03-07 16:35:45]   [1375 d0*] https://matpitka.blogspot.com/2007/12/experimental-evidence-for-accelerated.html  (1254 OK, 1681 queued)
[2026-03-07 16:35:50]   [1380 d0*] https://matpitka.blogspot.com/2008/06/cell-as-gel-and-quantum-model-of-nerve.html  (1259 OK, 1676 queued)
[2026-03-07 16:35:56]   [1385 d0*] https://matpitka.blogspot.com/2022/10/the-asymmetry-of-tidal-tails-as-support.html  (1264 OK, 1671 queued)
[2026-03-07 16:36:01]   [1390 d0*] https://matpitka.blogspot.com/2014/11/surprising-finding-about-gamma-ray.html  (1269 OK, 1666 queued)
[2026-03-07 16:36:06]   [1395 d0*] https://matpitka.blogspot.com/2018/12/how-could-tqc-programs-representing.html  (1274 OK, 1661 queued)
[2026-03-07 16:36:12]   [1400 d0*] https://matpitka.blogspot.com/2005/02/great-ideas.html  (1279 OK, 1656 queued)
[2026-03-07 16:36:17]   [1405 d0*] https://matpitka.blogspot.com/2010/09/m-4-2-from-pairs-of-twistors-and.html  (1284 OK, 1651 queued)
[2026-03-07 16:36:21]   [1410 d0*] https://matpitka.blogspot.com/2010/09/quark-gluon-plasma-which-does-not.html  (1289 OK, 1646 queued)
[2026-03-07 16:36:25]   [1415 d0*] https://matpitka.blogspot.com/2024/09/some-strange-astrophysical-and.html  (1294 OK, 1641 queued)
[2026-03-07 16:36:31]   [1420 d0*] https://matpitka.blogspot.com/2023/09/what-platonic-vision-allows-to-say.html  (1299 OK, 1636 queued)
[2026-03-07 16:36:36]   [1425 d0*] https://matpitka.blogspot.com/2015/09/indication-for-scaled-up-variant-of-z.html  (1304 OK, 1631 queued)
[2026-03-07 16:36:41]   [1430 d0*] https://matpitka.blogspot.com/2012/07/constraints-on-super-conformal.html  (1309 OK, 1626 queued)
[2026-03-07 16:36:46]   [1435 d0*] https://matpitka.blogspot.com/2023/08/phenotype-is-much-more-stable-against.html  (1314 OK, 1621 queued)
[2026-03-07 16:36:51]   [1440 d0*] https://matpitka.blogspot.com/2013/11/old-web-page-address-ceased-to-work.html  (1319 OK, 1616 queued)
[2026-03-07 16:36:56]   [1445 d0*] https://matpitka.blogspot.com/2005/12/does-honeybee-colony-have-beeg.html  (1324 OK, 1611 queued)
[2026-03-07 16:37:01]   [1450 d0*] https://matpitka.blogspot.com/2013/10/the-tgd-variant-of-model-of-widom-and.html  (1329 OK, 1606 queued)
[2026-03-07 16:37:07]   [1455 d0*] https://matpitka.blogspot.com/2006/05/precise-definition-of-notion-of.html  (1334 OK, 1601 queued)
[2026-03-07 16:37:12]   [1460 d0*] https://matpitka.blogspot.com/2007/01/glashow-cohen-and-poincare.html  (1339 OK, 1596 queued)
[2026-03-07 16:37:17]   [1465 d0*] https://matpitka.blogspot.com/2021/08/huge-fluctuations-in-oxygen.html  (1344 OK, 1591 queued)
[2026-03-07 16:37:23]   [1470 d0*] https://matpitka.blogspot.com/2016/08/cloning-of-maximally-negentropic-states.html  (1349 OK, 1586 queued)
[2026-03-07 16:37:28]   [1475 d0*] https://matpitka.blogspot.com/2024/04/how-to-take-into-account-gravitational.html  (1354 OK, 1581 queued)
[2026-03-07 16:37:33]   [1480 d0*] https://matpitka.blogspot.com/2007/03/still-about-higgs-candidate.html  (1359 OK, 1576 queued)
[2026-03-07 16:37:39]   [1485 d0*] https://matpitka.blogspot.com/2022/01/horizontal-gene-transfer-by-remote.html  (1364 OK, 1571 queued)
[2026-03-07 16:37:44]   [1490 d0*] https://matpitka.blogspot.com/2016/06/is-sum-of-p-adic-negentropies-equal-to.html  (1369 OK, 1566 queued)
[2026-03-07 16:37:48]   [1495 d0*] https://matpitka.blogspot.com/2006/01/p-adic-length-scale-hypothesis-and.html  (1374 OK, 1561 queued)
[2026-03-07 16:37:54]   [1500 d0*] https://matpitka.blogspot.com/2020/12/do-galactic-rotational-spectra-show.html  (1379 OK, 1556 queued)
[2026-03-07 16:37:59]   [1505 d0*] https://matpitka.blogspot.com/2006/07/zero-energy-ontology-cognition-and.html  (1384 OK, 1551 queued)
[2026-03-07 16:38:05]   [1510 d0*] https://matpitka.blogspot.com/2018/07/further-evidence-for-third-generation.html  (1389 OK, 1546 queued)
[2026-03-07 16:38:10]   [1515 d0*] https://matpitka.blogspot.com/2012/04/resonaances-reports-about-possible-dark.html  (1394 OK, 1541 queued)
[2026-03-07 16:38:15]   [1520 d0*] https://matpitka.blogspot.com/2011/11/nuclear-physics-objections-against.html  (1399 OK, 1536 queued)
[2026-03-07 16:38:20]   [1525 d0*] https://matpitka.blogspot.com/2024/01/what-happens-in-transition-to.html  (1404 OK, 1531 queued)
[2026-03-07 16:38:26]   [1530 d0*] https://matpitka.blogspot.com/2011/06/how-detailed-quantum-classical.html  (1409 OK, 1526 queued)
[2026-03-07 16:38:31]   [1535 d0*] https://matpitka.blogspot.com/2007/04/evidence-for-color-excitations-of-muons_05.html  (1414 OK, 1521 queued)
[2026-03-07 16:38:37]   [1540 d0*] https://matpitka.blogspot.com/2008/05/configuration-space-gamma-matrices-as.html  (1419 OK, 1516 queued)
[2026-03-07 16:38:42]   [1545 d0*] https://matpitka.blogspot.com/2015/09/where-they-are-gravitational-waves.html  (1424 OK, 1511 queued)
[2026-03-07 16:38:47]   [1550 d0*] https://matpitka.blogspot.com/2015/12/indications-for-new-physics-predicted.html  (1429 OK, 1506 queued)
[2026-03-07 16:38:53]   [1555 d0*] https://matpitka.blogspot.com/2016/06/non-locality-in-quantum-theory-in.html  (1434 OK, 1501 queued)
[2026-03-07 16:38:57]   [1560 d0*] https://matpitka.blogspot.com/2007/06/does-quantization-of-k-coupling.html  (1439 OK, 1496 queued)
[2026-03-07 16:39:03]   [1565 d0*] https://matpitka.blogspot.com/2012/11/helsinki-university-admits-my-existence.html  (1444 OK, 1491 queued)
[2026-03-07 16:39:08]   [1570 d0*] https://matpitka.blogspot.com/2011/10/why-neutrinos-travel-faster-in-short.html  (1449 OK, 1486 queued)
[2026-03-07 16:39:14]   [1575 d0*] https://matpitka.blogspot.com/2017/02/how-does-twistorialization-at-imbedding.html  (1454 OK, 1481 queued)
[2026-03-07 16:39:18]   [1580 d0*] https://matpitka.blogspot.com/2021/07/non-dissipative-waves-in-excitonic.html  (1459 OK, 1476 queued)
[2026-03-07 16:39:24]   [1585 d0*] https://matpitka.blogspot.com/2023/03/theoretician-friendly-character-of.html  (1464 OK, 1471 queued)
[2026-03-07 16:39:29]   [1590 d0*] https://matpitka.blogspot.com/2005/04/quaternions-octonions-and-hyperfinite.html  (1469 OK, 1466 queued)
[2026-03-07 16:39:34]   [1595 d0*] https://matpitka.blogspot.com/2018/02/a-further-lethal-blow-to-dark-matter.html  (1474 OK, 1461 queued)
[2026-03-07 16:39:39]   [1600 d0*] https://matpitka.blogspot.com/2024/08/how-subjective-memories-are-realized-in.html  (1479 OK, 1456 queued)
[2026-03-07 16:39:44]   [1605 d0*] https://matpitka.blogspot.com/2011/01/non-standard-numbers-and-tgd.html  (1484 OK, 1451 queued)
[2026-03-07 16:39:49]   [1610 d0*] https://matpitka.blogspot.com/2015/10/further-progress-in-number-theoretic.html  (1489 OK, 1446 queued)
[2026-03-07 16:39:54]   [1615 d0*] https://matpitka.blogspot.com/2020/01/correlation-between-earthquakes-and.html  (1494 OK, 1441 queued)
[2026-03-07 16:40:00]   [1620 d0*] https://matpitka.blogspot.com/2021/07/galois-groups-and-genetic-code.html  (1499 OK, 1436 queued)
[2026-03-07 16:40:05]   [1625 d0*] https://matpitka.blogspot.com/2006/08/do-nuclear-reaction-rates-depend-on.html  (1504 OK, 1431 queued)
[2026-03-07 16:40:11]   [1630 d0*] https://matpitka.blogspot.com/2026/01/answers-to-questions-of-vasileios.html  (1509 OK, 1426 queued)
[2026-03-07 16:40:16]   [1635 d0*] https://matpitka.blogspot.com/2026/01/can-one-deduce-value-of-effective.html  (1514 OK, 1421 queued)
[2026-03-07 16:40:21]   [1640 d0*] https://matpitka.blogspot.com/2025/10/considerable-progress-in-understanding.html  (1519 OK, 1416 queued)
[2026-03-07 16:40:27]   [1645 d0*] https://matpitka.blogspot.com/2018/10/increase-of-dimension-of-extension-of.html  (1524 OK, 1411 queued)
[2026-03-07 16:40:32]   [1650 d0*] https://matpitka.blogspot.com/2023/03/could-tgd-view-of-quantum-gravitation.html  (1529 OK, 1406 queued)
[2026-03-07 16:40:38]   [1655 d0*] https://matpitka.blogspot.com/2024/05/antipodal-duality-from-tgd-point-of.html  (1534 OK, 1401 queued)
[2026-03-07 16:40:43]   [1660 d0*] https://matpitka.blogspot.com/2024/07/galaxy-without-stars.html  (1539 OK, 1396 queued)
[2026-03-07 16:40:48]   [1665 d0*] https://matpitka.blogspot.com/2020/01/still-about-quantum-measurement-theory.html  (1544 OK, 1391 queued)
[2026-03-07 16:40:54]   [1670 d0*] https://matpitka.blogspot.com/2011/09/entropic-gravity-in-difficulties.html  (1549 OK, 1386 queued)
[2026-03-07 16:40:58]   [1675 d0*] https://matpitka.blogspot.com/2007/06/connection-between-hurwitz-zetas_03.html  (1554 OK, 1381 queued)
[2026-03-07 16:41:04]   [1680 d0*] https://matpitka.blogspot.com/2022/10/p-adic-function-from-hadamard-product.html  (1559 OK, 1376 queued)
[2026-03-07 16:41:09]   [1685 d0*] https://matpitka.blogspot.com/2017/11/from-amplituhedron-to-associahedron.html  (1564 OK, 1371 queued)
[2026-03-07 16:41:14]   [1690 d0*] https://matpitka.blogspot.com/2016/10/still-about-induced-spinor-fields-and.html  (1569 OK, 1366 queued)
[2026-03-07 16:41:20]   [1695 d0*] https://matpitka.blogspot.com/2022/08/chemical-bonds-as-flux-tube-links-and.html  (1574 OK, 1361 queued)
[2026-03-07 16:41:25]   [1700 d0*] https://matpitka.blogspot.com/2009/09/videos-about-tgd.html  (1579 OK, 1356 queued)
[2026-03-07 16:41:30]   [1705 d0*] https://matpitka.blogspot.com/2023/10/the-realization-of-notions-of-assembly.html  (1584 OK, 1351 queued)
[2026-03-07 16:41:36]   [1710 d0*] https://matpitka.blogspot.com/2016/03/why-mersenne-primes-are-so-special.html  (1589 OK, 1346 queued)
[2026-03-07 16:41:42]   [1715 d0*] https://matpitka.blogspot.com/2010/03/eeg-synchrony-and-negentropic.html  (1594 OK, 1341 queued)
[2026-03-07 16:41:46]   [1720 d0*] https://matpitka.blogspot.com/2025/03/about-information-thermodynamics-and.html  (1599 OK, 1336 queued)
[2026-03-07 16:41:52]   [1725 d0*] https://matpitka.blogspot.com/2012/05/universe-from-nothing.html  (1604 OK, 1331 queued)
[2026-03-07 16:41:57]   [1730 d0*] https://matpitka.blogspot.com/2010/10/some-thoughts-inspired-by-graphene.html  (1609 OK, 1326 queued)
[2026-03-07 16:42:02]   [1735 d0*] https://matpitka.blogspot.com/2019/02/a-connection-of-singularities-of.html  (1614 OK, 1321 queued)
[2026-03-07 16:42:07]   [1740 d0*] https://matpitka.blogspot.com/2008/03/tgd-based-model-for-evolution-of_28.html  (1619 OK, 1316 queued)
[2026-03-07 16:42:12]   [1745 d0*] https://matpitka.blogspot.com/2007/06/wonderful-weather-and-we-are-still-able.html  (1624 OK, 1311 queued)
[2026-03-07 16:42:17]   [1750 d0*] https://matpitka.blogspot.com/2009/12/expanding-earth-model-and-pre-cambrian_05.html  (1629 OK, 1306 queued)
[2026-03-07 16:42:22]   [1755 d0*] https://matpitka.blogspot.com/2024/03/herbig-haro-objects-from-tgd-point-of.html  (1634 OK, 1301 queued)
[2026-03-07 16:42:26]   [1760 d0*] https://matpitka.blogspot.com/2023/04/new-findings-related-to-number.html  (1639 OK, 1296 queued)
[2026-03-07 16:42:31]   [1765 d0*] https://matpitka.blogspot.com/2011/10/adscft-does-not-work-well-for-heavy-ion.html  (1644 OK, 1291 queued)
[2026-03-07 16:42:36]   [1770 d0*] https://matpitka.blogspot.com/2025/02/the-first-quantum-processor-powered-by.html  (1649 OK, 1286 queued)
[2026-03-07 16:42:42]   [1775 d0*] https://matpitka.blogspot.com/2018/02/superfluids-dissipate.html  (1654 OK, 1281 queued)
[2026-03-07 16:42:47]   [1780 d0*] https://matpitka.blogspot.com/2005/02/dark-matter-and-living-matter.html  (1659 OK, 1276 queued)
[2026-03-07 16:42:52]   [1785 d0*] https://matpitka.blogspot.com/2011/10/more-about-strange-charged-trilepton.html  (1664 OK, 1271 queued)
[2026-03-07 16:42:57]   [1790 d0*] https://matpitka.blogspot.com/2023/11/pollack-effect-and-some-anomalies-of.html  (1669 OK, 1266 queued)
[2026-03-07 16:43:02]   [1795 d0*] https://matpitka.blogspot.com/2009/05/which-omega-b-is-real-one-or-are-both.html  (1674 OK, 1261 queued)
[2026-03-07 16:43:07]   [1800 d0*] https://matpitka.blogspot.com/2006/08/some-problems-of-tgd-as-almost.html  (1679 OK, 1256 queued)
[2026-03-07 16:43:12]   [1805 d0*] https://matpitka.blogspot.com/2005/09/super-conductivity-in-many-sheeted.html  (1684 OK, 1251 queued)
[2026-03-07 16:43:18]   [1810 d0*] https://matpitka.blogspot.com/2018/10/new-indications-for-third-generation.html  (1689 OK, 1246 queued)
[2026-03-07 16:43:23]   [1815 d0*] https://matpitka.blogspot.com/2022/11/more-anomalies-related-to-standard.html  (1694 OK, 1241 queued)
[2026-03-07 16:43:28]   [1820 d0*] https://matpitka.blogspot.com/2011/08/about-structure-of-yangian-algebra-and.html  (1699 OK, 1236 queued)
[2026-03-07 16:43:33]   [1825 d0*] https://matpitka.blogspot.com/2021/05/chemistry-revolution.html  (1704 OK, 1231 queued)
[2026-03-07 16:43:37]   [1830 d0*] https://matpitka.blogspot.com/2017/03/about-unitarity-of-twistor-amplitudes.html  (1709 OK, 1226 queued)
[2026-03-07 16:43:43]   [1835 d0*] https://matpitka.blogspot.com/2015/02/about-twistorial-description-of-light.html  (1714 OK, 1221 queued)
[2026-03-07 16:43:49]   [1840 d0*] https://matpitka.blogspot.com/2013/07/about-art-of-rediscovery.html  (1719 OK, 1216 queued)
[2026-03-07 16:43:54]   [1845 d0*] https://matpitka.blogspot.com/2013/03/nothing-new-about-higgs-but-3-sigma.html  (1724 OK, 1211 queued)
[2026-03-07 16:43:59]   [1850 d0*] https://matpitka.blogspot.com/2015/08/does-color-deconfinement-really-occur.html  (1729 OK, 1206 queued)
[2026-03-07 16:44:06]   [1855 d0*] https://matpitka.blogspot.com/2013/05/how-to-construct-akashic-records-and.html  (1734 OK, 1201 queued)
[2026-03-07 16:44:11]   [1860 d0*] https://matpitka.blogspot.com/2021/07/beltrami-flow-as-space-time-correlate.html  (1739 OK, 1196 queued)
[2026-03-07 16:44:17]   [1865 d0*] https://matpitka.blogspot.com/2024/03/direct-evidence-for-tgd-view-of-quasars.html  (1744 OK, 1191 queued)
[2026-03-07 16:44:21]   [1870 d0*] https://matpitka.blogspot.com/2011/03/some-tgd-inspired-comments-about-higgs.html  (1749 OK, 1186 queued)
[2026-03-07 16:44:27]   [1875 d0*] https://matpitka.blogspot.com/2007/10/experimental-support-for-binocular.html  (1754 OK, 1181 queued)
[2026-03-07 16:44:32]   [1880 d0*] https://matpitka.blogspot.com/2010/10/topological-explanation-of-family.html  (1759 OK, 1176 queued)
[2026-03-07 16:44:37]   [1885 d0*] https://matpitka.blogspot.com/2020/02/do-we-really-understand-neutron-star.html  (1764 OK, 1171 queued)
[2026-03-07 16:44:43]   [1890 d0*] https://matpitka.blogspot.com/2024/11/the-mirror-universe-hypothesis-of-turok.html  (1769 OK, 1166 queued)
[2026-03-07 16:44:48]   [1895 d0*] https://matpitka.blogspot.com/2019/07/what-extensions-of-rationals-could-be.html  (1774 OK, 1161 queued)
[2026-03-07 16:44:53]   [1900 d0*] https://matpitka.blogspot.com/2007/08/little-crazy-speculation-about-knots.html  (1779 OK, 1156 queued)
[2026-03-07 16:44:58]   [1905 d0*] https://matpitka.blogspot.com/2015/12/analogs-of-quantum-matrix-groups-from.html  (1784 OK, 1151 queued)
[2026-03-07 16:45:03]   [1910 d0*] https://matpitka.blogspot.com/2022/08/the-tgd-based-model-explains-mond.html  (1789 OK, 1146 queued)
[2026-03-07 16:45:09]   [1915 d0*] https://matpitka.blogspot.com/2015/01/answers-to-some-frequently-occurring.html  (1794 OK, 1141 queued)
[2026-03-07 16:45:15]   [1920 d0*] https://matpitka.blogspot.com/2005/02/khler-calibrations-number-theoretical.html  (1799 OK, 1136 queued)
[2026-03-07 16:45:20]   [1925 d0*] https://matpitka.blogspot.com/2007/01/galois-groups-jones-inclusions-and.html  (1804 OK, 1131 queued)
[2026-03-07 16:45:25]   [1930 d0*] https://matpitka.blogspot.com/2016/11/do-you-already-believe-in-emergent.html  (1809 OK, 1126 queued)
[2026-03-07 16:45:30]   [1935 d0*] https://matpitka.blogspot.com/2010/01/verlindes-thermal-origin-of-gravitation.html  (1814 OK, 1121 queued)
[2026-03-07 16:45:36]   [1940 d0*] https://matpitka.blogspot.com/2007/07/number-theretic-braids-and-flow-lines.html  (1819 OK, 1116 queued)
[2026-03-07 16:45:41]   [1945 d0*] https://matpitka.blogspot.com/2025/07/a-more-detailed-vision-of-tgd.html  (1824 OK, 1111 queued)
[2026-03-07 16:45:47]   [1950 d0*] https://matpitka.blogspot.com/2011/08/could-octonion-analyticity-solve-field.html  (1829 OK, 1106 queued)
[2026-03-07 16:45:53]   [1955 d0*] https://matpitka.blogspot.com/2017/04/h-eff-hn-hypothesis-and-galois-group.html  (1834 OK, 1101 queued)
[2026-03-07 16:45:57]   [1960 d0*] https://matpitka.blogspot.com/2023/11/the-age-of-universe-is-twice-usual.html  (1839 OK, 1096 queued)
[2026-03-07 16:46:03]   [1965 d0*] https://matpitka.blogspot.com/2020/10/penrose-and-importance-of-intuition.html  (1844 OK, 1091 queued)
[2026-03-07 16:46:08]   [1970 d0*] https://matpitka.blogspot.com/2026/01/about-tgd-based-models-for-cambrian.html  (1849 OK, 1086 queued)
[2026-03-07 16:46:13]   [1975 d0*] https://matpitka.blogspot.com/2014/12/classical-tgd-and-imbedding-space.html  (1854 OK, 1081 queued)
[2026-03-07 16:46:19]   [1980 d0*] https://matpitka.blogspot.com/2015/07/what-music-can-teach-about-consciousness.html  (1859 OK, 1076 queued)
[2026-03-07 16:46:24]   [1985 d0*] https://matpitka.blogspot.com/2014/03/bicep2-might-have-detected.html  (1864 OK, 1071 queued)
[2026-03-07 16:46:31]   [1990 d0*] https://matpitka.blogspot.com/2006/05/more-precise-view-about-s-matrix.html  (1869 OK, 1066 queued)
[2026-03-07 16:46:37]   [1995 d0*] https://matpitka.blogspot.com/2020/09/expanding-earth-model-cambrian.html  (1874 OK, 1061 queued)
[2026-03-07 16:46:42]   [2000] 1878 OK, 122 failed, 1057 queued
[2026-03-07 16:46:42]     last fail: https://matpitka.blogspot.com/2015/02/tgdquantum.html
[2026-03-07 16:46:47]   [2005 d0*] https://matpitka.blogspot.com/2014/01/are-microtubules-macroscopic-quantum.html  (1883 OK, 1052 queued)
[2026-03-07 16:46:52]   [2010 d0*] https://matpitka.blogspot.com/2005/12/sore-grapes-principle.html  (1888 OK, 1047 queued)
[2026-03-07 16:46:57]   [2015 d0*] https://matpitka.blogspot.com/2019/03/aleph-anomaly-just-refuses-to-disappear.html  (1893 OK, 1042 queued)
[2026-03-07 16:47:02]   [2020 d0*] https://matpitka.blogspot.com/2015/07/does-physics-of-smb-6-make-fundamental.html  (1898 OK, 1037 queued)
[2026-03-07 16:47:08]   [2025 d0*] https://matpitka.blogspot.com/2009/09/my-defense-statement.html  (1903 OK, 1032 queued)
[2026-03-07 16:47:13]   [2030 d0*] https://matpitka.blogspot.com/2024/05/could-model-of-biefeld-brown-effect.html  (1908 OK, 1027 queued)
[2026-03-07 16:47:18]   [2035 d0*] https://matpitka.blogspot.com/2017/04/new-pseudoscalar-meson-at-lhc.html  (1913 OK, 1022 queued)
[2026-03-07 16:47:23]   [2040 d0*] https://matpitka.blogspot.com/2025/06/nothing-new-under-sun-really-comments.html  (1918 OK, 1017 queued)
[2026-03-07 16:47:29]   [2045 d0*] https://matpitka.blogspot.com/2007/10/fractional-quantum-hall-effect-in-tgd.html  (1923 OK, 1012 queued)
[2026-03-07 16:47:33]   [2050 d0*] https://matpitka.blogspot.com/2021/01/oumuamua-and-tgd.html  (1928 OK, 1008 queued)
[2026-03-07 16:47:38]   [2055 d0*] https://matpitka.blogspot.com/2019/11/too-fast.html  (1933 OK, 1003 queued)
[2026-03-07 16:47:44]   [2060 d0*] https://matpitka.blogspot.com/2025/12/comments-inspired-by-article-jenny.html  (1938 OK, 998 queued)
[2026-03-07 16:47:49]   [2065 d0*] https://matpitka.blogspot.com/2007/07/connection-with-hadronic-string-model.html  (1943 OK, 993 queued)
[2026-03-07 16:47:53]   [2070 d0*] https://matpitka.blogspot.com/2010/10/higgs-and-massivation-in-tgd-framework.html  (1948 OK, 989 queued)
[2026-03-07 16:47:58]   [2075 d0*] https://matpitka.blogspot.com/2022/03/the-effects-of-cambrian-explosion-in.html  (1953 OK, 984 queued)
[2026-03-07 16:48:03]   [2080 d0*] https://matpitka.blogspot.com/2012/12/progress-during-last-year-in-tgd-ii.html  (1958 OK, 979 queued)
[2026-03-07 16:48:08]   [2085 d0*] https://matpitka.blogspot.com/2007/08/could-one-demonstrate-existence-of.html  (1963 OK, 974 queued)
[2026-03-07 16:48:14]   [2090 d0*] https://matpitka.blogspot.com/2007/12/rise-of-super-hype-theory.html  (1968 OK, 969 queued)
[2026-03-07 16:48:18]   [2095 d0*] https://matpitka.blogspot.com/2022/01/critical-questions-related-to-number.html  (1973 OK, 964 queued)
[2026-03-07 16:48:24]   [2100 d0*] https://matpitka.blogspot.com/2017/11/more-about-life-like-properties-found.html  (1977 OK, 960 queued)
[2026-03-07 16:48:29]   [2105 d0*] https://matpitka.blogspot.com/2023/04/could-magnetic-body-control-electronic.html  (1982 OK, 955 queued)
[2026-03-07 16:48:35]   [2110 d0*] https://matpitka.blogspot.com/2025/05/in-what-sense-cognitive-consciousness.html  (1987 OK, 950 queued)
[2026-03-07 16:48:40]   [2115 d0*] https://matpitka.blogspot.com/2008/01/is-it-possible-to-change-ones-mind.html  (1992 OK, 945 queued)
[2026-03-07 16:48:45]   [2120 d0*] https://matpitka.blogspot.com/2008/09/zero-energy-ontology-self-hierarchy-and.html  (1997 OK, 940 queued)
[2026-03-07 16:48:50]   [2125 d0*] https://matpitka.blogspot.com/2017/12/does-instability-of-einsteins-equations.html  (2002 OK, 935 queued)
[2026-03-07 16:48:55]   [2130 d0*] https://matpitka.blogspot.com/2012/05/confirmation-for-fermi-excess.html  (2007 OK, 930 queued)
[2026-03-07 16:48:55]     +1 links (3061 total known)
[2026-03-07 16:49:00]   [2135 d0*] https://matpitka.blogspot.com/2015/03/could-universe-be-doing-yangian-quantum.html  (2012 OK, 926 queued)
[2026-03-07 16:49:05]   [2140 d0*] https://matpitka.blogspot.com/2013/02/could-canonical-identification-make.html  (2017 OK, 921 queued)
[2026-03-07 16:49:09]   [2145 d0*] https://matpitka.blogspot.com/2009/11/how-to-define-3-d-mandelbrot-sets.html  (2022 OK, 916 queued)
[2026-03-07 16:49:14]   [2150 d0*] https://matpitka.blogspot.com/2005/03/black-holes-as-topological-quantum.html  (2027 OK, 911 queued)
[2026-03-07 16:49:19]   [2155 d0*] https://matpitka.blogspot.com/2019/09/the-problem-with-susy.html  (2032 OK, 906 queued)
[2026-03-07 16:49:25]   [2160 d0*] https://matpitka.blogspot.com/2007/05/platonism-structuralism-and-quantum.html  (2037 OK, 901 queued)
[2026-03-07 16:49:29]   [2165 d0*] https://matpitka.blogspot.com/2007/06/what-it-is-to-be-theoretical-physicist.html  (2042 OK, 896 queued)
[2026-03-07 16:49:35]   [2170 d0*] https://matpitka.blogspot.com/2024/11/what-it-feels-to-be-microprocessor.html  (2047 OK, 891 queued)
[2026-03-07 16:49:40]   [2175 d0*] https://matpitka.blogspot.com/2023/11/objection-against-idea-about.html  (2052 OK, 886 queued)
[2026-03-07 16:49:45]   [2180 d0*] https://matpitka.blogspot.com/2012/02/views-about-free-will.html  (2057 OK, 881 queued)
[2026-03-07 16:49:50]   [2185 d0*] https://matpitka.blogspot.com/2007/12/witten-and-3-d-quantum-gravity.html  (2062 OK, 876 queued)
[2026-03-07 16:49:55]   [2190 d0*] https://matpitka.blogspot.com/2011/02/is-effective-metric-defined-by-modified.html  (2067 OK, 872 queued)
[2026-03-07 16:50:00]   [2195 d0*] https://matpitka.blogspot.com/2015/02/twistorial-questions-to-ponder.html  (2072 OK, 867 queued)
[2026-03-07 16:50:05]   [2200 d0*] https://matpitka.blogspot.com/2023/07/negentropy-maximization-principle-viz.html  (2077 OK, 862 queued)
[2026-03-07 16:50:10]   [2205 d0*] https://matpitka.blogspot.com/2017/08/philosophy-of-adelic-physics-from.html  (2082 OK, 857 queued)
[2026-03-07 16:50:16]   [2210 d0*] https://matpitka.blogspot.com/2006/05/s-matrix-for-scattering-of-zero-energy.html  (2087 OK, 852 queued)
[2026-03-07 16:50:22]   [2215 d0*] https://matpitka.blogspot.com/2014/09/dnas-humble-beginnings-as-nutrient.html  (2092 OK, 847 queued)
[2026-03-07 16:50:27]   [2220 d0*] https://matpitka.blogspot.com/2016/06/further-pieces-of-evidence-for-notion_30.html  (2097 OK, 842 queued)
[2026-03-07 16:50:33]   [2225 d0*] https://matpitka.blogspot.com/2012/06/model-for-remote-gene-expression.html  (2102 OK, 837 queued)
[2026-03-07 16:50:40]   [2230 d0*] https://matpitka.blogspot.com/2007/11/work-of-kanarev-and-mizuno-about-cold.html  (2107 OK, 832 queued)
[2026-03-07 16:50:46]   [2235 d0*] https://matpitka.blogspot.com/2011/12/quark-gluon-plasma-in-tgd-universe.html  (2112 OK, 827 queued)
[2026-03-07 16:50:53]   [2240 d0*] https://matpitka.blogspot.com/2023/07/cyclic-universe-wrong-and-something.html  (2117 OK, 822 queued)
[2026-03-07 16:51:00]   [2245 d0*] https://matpitka.blogspot.com/2008/03/tgd-based-model-for-evolution-of_19.html  (2122 OK, 817 queued)
[2026-03-07 16:51:07]   [2250 d0*] https://matpitka.blogspot.com/2005/08/about-interpretational-problems-of-qm.html  (2127 OK, 812 queued)
[2026-03-07 16:51:14]   [2255 d0*] https://matpitka.blogspot.com/2025/01/what-makes-mini-big-bangs-energetically.html  (2132 OK, 807 queued)
[2026-03-07 16:51:21]   [2260 d0*] https://matpitka.blogspot.com/2018/11/sensory-perception-and-motor-action-as.html  (2137 OK, 802 queued)
[2026-03-07 16:51:27]   [2265 d0*] https://matpitka.blogspot.com/2017/08/emergence-of-zero-energy-ontology-and.html  (2142 OK, 797 queued)
[2026-03-07 16:51:34]   [2270 d0*] https://matpitka.blogspot.com/2025/06/strange-correlation-between-strength-of.html  (2147 OK, 792 queued)
[2026-03-07 16:51:41]   [2275 d0*] https://matpitka.blogspot.com/2025/12/how-large-h-eff-states-are-stabilized.html  (2152 OK, 787 queued)
[2026-03-07 16:51:46]   [2280 d0*] https://matpitka.blogspot.com/2005/08/dark-quarks-and-nuclear-strong-force.html  (2157 OK, 782 queued)
[2026-03-07 16:51:52]   [2285 d0*] https://matpitka.blogspot.com/2021/04/does-muons-anomalous-anomalous-magnetic.html  (2162 OK, 777 queued)
[2026-03-07 16:51:59]   [2290 d0*] https://matpitka.blogspot.com/2007/04/lsnd-and-miniboone-are-consistent-in.html  (2167 OK, 772 queued)
[2026-03-07 16:52:05]   [2295 d0*] https://matpitka.blogspot.com/2018/10/still-about-quark-gluon-plasma-and-m-89.html  (2172 OK, 767 queued)
[2026-03-07 16:52:11]   [2300 d0*] https://matpitka.blogspot.com/2021/03/meshcode-theory-from-tgd-point-of-view.html  (2177 OK, 762 queued)
[2026-03-07 16:52:18]   [2305 d0*] https://matpitka.blogspot.com/2013/12/new-results-from-phenix-concerning.html  (2182 OK, 757 queued)
[2026-03-07 16:52:25]   [2310 d0*] https://matpitka.blogspot.com/2011/04/octonions-and-quantum-physics.html  (2187 OK, 752 queued)
[2026-03-07 16:52:31]   [2315 d0*] https://matpitka.blogspot.com/2009/11/in-case-of-infinite-dimensional-super.html  (2192 OK, 747 queued)
[2026-03-07 16:52:39]   [2320 d0*] https://matpitka.blogspot.com/2023/09/a-new-view-of-hadrons-inspired-by.html  (2197 OK, 742 queued)
[2026-03-07 16:52:44]   [2325 d0*] https://matpitka.blogspot.com/2017/03/could-second-generation-of-weak-bosons.html  (2202 OK, 737 queued)
[2026-03-07 16:52:49]   [2330 d0*] https://matpitka.blogspot.com/2025/11/how-to-create-monopole-flux-loops.html  (2207 OK, 732 queued)
[2026-03-07 16:52:55]   [2335 d0*] https://matpitka.blogspot.com/2019/11/cosmological-time-anomalies-and-zero.html  (2212 OK, 727 queued)
[2026-03-07 16:53:01]   [2340 d0*] https://matpitka.blogspot.com/2009/03/einsteins-equations-and-second.html  (2217 OK, 722 queued)
[2026-03-07 16:53:06]   [2345 d0*] https://matpitka.blogspot.com/2016/09/emergence-of-3-space-or-only-emergence.html  (2222 OK, 717 queued)
[2026-03-07 16:53:13]   [2350 d0*] https://matpitka.blogspot.com/2016/05/re-incarnation-as-basic-prediction-of.html  (2227 OK, 712 queued)
[2026-03-07 16:53:20]   [2355 d0*] https://matpitka.blogspot.com/2008/02/quantum-model-of-nerve-pulse-i-soliton.html  (2232 OK, 707 queued)
[2026-03-07 16:53:25]   [2360 d0*] https://matpitka.blogspot.com/2007/09/applying-computer-analogy-to-model-for.html  (2237 OK, 702 queued)
[2026-03-07 16:53:31]   [2365 d0*] https://matpitka.blogspot.com/2014/02/hamed-kindly-reminded-me-about-article.html  (2242 OK, 697 queued)
[2026-03-07 16:53:37]   [2370 d0*] https://matpitka.blogspot.com/2015/08/ontology-epistomology-duality.html  (2247 OK, 692 queued)
[2026-03-07 16:53:42]   [2375 d0*] https://matpitka.blogspot.com/2024/10/quantum-platonia-and-space-time.html  (2252 OK, 687 queued)
[2026-03-07 16:53:48]   [2380 d0*] https://matpitka.blogspot.com/2013/12/one-mind-theory-akashic-records-and.html  (2257 OK, 682 queued)
[2026-03-07 16:53:53]   [2385 d0*] http://matpitka.blogspot.com/2007/08/magic-gamma-ray-anomaly-as-evidence-for.html  (2262 OK, 678 queued)
[2026-03-07 16:53:59]   [2390 d0*] https://matpitka.blogspot.com/2010/11/why-positrons-are-so-shy.html  (2267 OK, 673 queued)
[2026-03-07 16:54:06]   [2395 d0*] https://matpitka.blogspot.com/2024/10/a-tgd-based-resolution-of-tension.html  (2272 OK, 668 queued)
[2026-03-07 16:54:11]   [2400 d0*] https://matpitka.blogspot.com/2013/11/seth-lloyd-on-quantum-life.html  (2277 OK, 663 queued)
[2026-03-07 16:54:16]   [2405 d0*] https://matpitka.blogspot.com/2011/04/about-grt-limit-of-tgd.html  (2282 OK, 658 queued)
[2026-03-07 16:54:21]   [2410 d0*] https://matpitka.blogspot.com/2012/05/mystery-of-time-again.html  (2287 OK, 653 queued)
[2026-03-07 16:54:26]   [2415 d0*] https://matpitka.blogspot.com/2011/02/good-bye-large-extra-dimension-and-mssm.html  (2292 OK, 648 queued)
[2026-03-07 16:54:32]   [2420 d0*] https://matpitka.blogspot.com/2013/12/naturalness-fine-tuning-second-law-and.html  (2297 OK, 643 queued)
[2026-03-07 16:54:37]   [2425 d0*] https://matpitka.blogspot.com/2011/01/if-i-only-had-time.html  (2302 OK, 638 queued)
[2026-03-07 16:54:42]   [2430 d0*] https://matpitka.blogspot.com/2011/07/tension-in-particle-physics-circles-is.html  (2307 OK, 633 queued)
[2026-03-07 16:54:48]   [2435 d0*] https://matpitka.blogspot.com/2022/08/universe-as-dodecahedron-two-decades.html  (2312 OK, 628 queued)
[2026-03-07 16:54:53]   [2440 d0*] https://matpitka.blogspot.com/2007/06/s-matrix-as-functor-and-groupoid.html  (2317 OK, 623 queued)
[2026-03-07 16:54:59]   [2445 d0*] https://matpitka.blogspot.com/2016/09/comments-about-ben-goertzels-ideas.html  (2322 OK, 618 queued)
[2026-03-07 16:55:04]   [2450 d0*] https://matpitka.blogspot.com/2020/01/a-model-for-protocell-based-on-pollack.html  (2327 OK, 613 queued)
[2026-03-07 16:55:10]   [2455 d0*] https://matpitka.blogspot.com/2019/12/when-do-partonic-2-surfaces-and-string.html  (2332 OK, 608 queued)
[2026-03-07 16:55:16]   [2460 d0*] https://matpitka.blogspot.com/2023/10/everyone-knows-columbus-and-other-heros.html  (2337 OK, 603 queued)
[2026-03-07 16:55:21]   [2465 d0*] https://matpitka.blogspot.com/2017/10/the-lost-history-from-tgd-perspective.html  (2342 OK, 598 queued)
[2026-03-07 16:55:26]   [2470 d0*] https://matpitka.blogspot.com/2005/04/ormes-cold-fusion-sonofusion-sono.html  (2347 OK, 593 queued)
[2026-03-07 16:55:32]   [2475 d0*] https://matpitka.blogspot.com/2016/05/gut-cells-having-no-mitochondria.html  (2352 OK, 588 queued)
[2026-03-07 16:55:37]   [2480 d0*] https://matpitka.blogspot.com/2018/12/still-about-twistor-lift-of-tgd.html  (2357 OK, 583 queued)
[2026-03-07 16:55:42]   [2485 d0*] https://matpitka.blogspot.com/2025/12/scattering-as-conformal-dissipation.html  (2362 OK, 578 queued)
[2026-03-07 16:55:48]   [2490 d0*] https://matpitka.blogspot.com/2014/11/how-does-visual-system-analyze-incoming.html  (2367 OK, 573 queued)
[2026-03-07 16:55:52]   [2495 d0*] https://matpitka.blogspot.com/2022/11/could-exotic-smooth-structures-have.html  (2372 OK, 568 queued)
[2026-03-07 16:55:57]   [2500 d0*] https://matpitka.blogspot.com/2012/01/number-theoretical-universality-and.html  (2377 OK, 563 queued)
[2026-03-07 16:56:02]   [2505 d0*] https://matpitka.blogspot.com/2017/05/anomalous-j-production-and-tgd.html  (2382 OK, 558 queued)
[2026-03-07 16:56:08]   [2510 d0*] https://matpitka.blogspot.com/2011/11/eternal-inflation-and-tgd.html  (2387 OK, 553 queued)
[2026-03-07 16:56:13]   [2515 d0*] https://matpitka.blogspot.com/2024/12/has-google-managed-to-reach-critical.html  (2392 OK, 548 queued)
[2026-03-07 16:56:19]   [2520 d0*] https://matpitka.blogspot.com/2017/01/progress-in-adelic-tgd.html  (2397 OK, 543 queued)
[2026-03-07 16:56:25]   [2525 d0*] https://matpitka.blogspot.com/2016/02/reactor-antineutrino-anomaly-as.html  (2402 OK, 538 queued)
[2026-03-07 16:56:31]   [2530 d0*] https://matpitka.blogspot.com/2015/04/updated-view-about-k-geometry-of-wcw.html  (2407 OK, 533 queued)
[2026-03-07 16:56:37]   [2535 d0*] https://matpitka.blogspot.com/2023/10/some-new-aspects-of-tgd-inspired-model.html  (2412 OK, 528 queued)
[2026-03-07 16:56:42]   [2540 d0*] https://matpitka.blogspot.com/2020/08/what-mip-re-could-mean-in-tgd-universe.html  (2417 OK, 523 queued)
[2026-03-07 16:56:48]   [2545 d0*] https://matpitka.blogspot.com/2022/02/homology-of-world-of-classical-worlds.html  (2422 OK, 518 queued)
[2026-03-07 16:56:53]   [2550 d0*] https://matpitka.blogspot.com/2012/09/fresh-view-about-hyper-finite-factors.html  (2427 OK, 513 queued)
[2026-03-07 16:56:58]   [2555 d0*] https://matpitka.blogspot.com/2008/08/experimental-work-of-william-tiller.html  (2432 OK, 508 queued)
[2026-03-07 16:57:03]   [2560 d0*] https://matpitka.blogspot.com/2016/04/nmp-and-adelic-physics.html  (2437 OK, 503 queued)
[2026-03-07 16:57:08]   [2565 d0*] https://matpitka.blogspot.com/2012/03/p-adic-homology-and-finite-measurement.html  (2442 OK, 498 queued)
[2026-03-07 16:57:12]   [2570 d0*] https://matpitka.blogspot.com/2008/02/connection-between-laser-induced.html  (2447 OK, 493 queued)
[2026-03-07 16:57:18]   [2575 d0*] https://matpitka.blogspot.com/2016/11/can-quantum-biology-really-do-without.html  (2452 OK, 488 queued)
[2026-03-07 16:57:23]   [2580 d0*] https://matpitka.blogspot.com/2024/08/the-newly-discovered-spatial-grammar-of.html  (2457 OK, 483 queued)
[2026-03-07 16:57:29]   [2585 d0*] https://matpitka.blogspot.com/2013/01/anomalies-anomalies.html  (2462 OK, 478 queued)
[2026-03-07 16:57:34]   [2590 d0*] https://matpitka.blogspot.com/2008/06/about-arrow-of-psychological-time-and.html  (2467 OK, 473 queued)
[2026-03-07 16:57:40]   [2595 d0*] https://matpitka.blogspot.com/2024/03/homomorphic-encryption-as-elegant.html  (2472 OK, 468 queued)
[2026-03-07 16:57:45]   [2600 d0*] https://matpitka.blogspot.com/2016/01/does-quantum-gravity-look-like-mission.html  (2477 OK, 463 queued)
[2026-03-07 16:57:50]   [2605 d0*] https://matpitka.blogspot.com/2024/02/extraterrestrial-life-in-space-plasmas.html  (2482 OK, 458 queued)
[2026-03-07 16:57:55]   [2610 d0*] https://matpitka.blogspot.com/2023/12/dirac-and-bohr-orbits.html  (2487 OK, 453 queued)
[2026-03-07 16:58:00]   [2615 d0*] https://matpitka.blogspot.com/2011/03/does-high-temperature-super.html  (2492 OK, 448 queued)
[2026-03-07 16:58:05]   [2620 d0*] https://matpitka.blogspot.com/2018/09/did-ligo-observe-non-standard-value-of.html  (2497 OK, 443 queued)
[2026-03-07 16:58:10]   [2625 d0*] https://matpitka.blogspot.com/2015/05/p-adic-physics-as-physics-of-cognition.html  (2502 OK, 438 queued)
[2026-03-07 16:58:15]   [2630 d0*] https://matpitka.blogspot.com/2015/01/does-number-theoretical-universality.html  (2507 OK, 433 queued)
[2026-03-07 16:58:20]   [2635 d0*] https://matpitka.blogspot.com/2005/04/cognitive-entanglement-as-connes.html  (2512 OK, 428 queued)
[2026-03-07 16:58:25]   [2640 d0*] https://matpitka.blogspot.com/2010/06/abstracts-to-series-of-articles-about.html  (2517 OK, 423 queued)
[2026-03-07 16:58:30]   [2645 d0*] https://matpitka.blogspot.com/2014/07/more-precise-view-about-high-t-c.html  (2522 OK, 418 queued)
[2026-03-07 16:58:35]   [2650 d0*] https://matpitka.blogspot.com/2012/07/quantum-criticality-and-electro-weak.html  (2527 OK, 413 queued)
[2026-03-07 16:58:41]   [2655 d0*] https://matpitka.blogspot.com/2016/03/causal-loophole-zero-energy-ontology.html  (2532 OK, 408 queued)
[2026-03-07 16:58:47]   [2660 d0*] https://matpitka.blogspot.com/2024/11/how-to-assign-ordinary-galois-groups.html  (2537 OK, 403 queued)
[2026-03-07 16:58:57]   [2670 d0*] https://matpitka.blogspot.com/2024/07/some-solar-mysteries.html  (2546 OK, 394 queued)
[2026-03-07 16:59:02]   [2675 d0*] https://matpitka.blogspot.com/2023/02/magnetic-bubbles-summary-and-outlook.html  (2551 OK, 389 queued)
[2026-03-07 16:59:07]   [2680 d0*] https://matpitka.blogspot.com/2010/11/mickelson.html  (2556 OK, 384 queued)
[2026-03-07 16:59:12]   [2685 d0*] https://matpitka.blogspot.com/2011/02/weak-form-of-electric-magnetic-duality.html  (2561 OK, 379 queued)
[2026-03-07 16:59:17]   [2690 d0*] https://matpitka.blogspot.com/2012/03/updated-view-about-quantum-adeles.html  (2566 OK, 374 queued)
[2026-03-07 16:59:23]   [2695 d0*] https://matpitka.blogspot.com/2010/08/recreate-life-to-understand-how-life.html  (2571 OK, 369 queued)
[2026-03-07 16:59:28]   [2700 d0*] https://matpitka.blogspot.com/2023/07/about-tesselations-in-hyperbolic-3.html  (2576 OK, 364 queued)
[2026-03-07 16:59:28]     +5 links (3069 total known)
[2026-03-07 16:59:38]   [2710 d0*] https://matpitka.blogspot.com/2007/07/never-ending-updating-continues.html  (2581 OK, 359 queued)
[2026-03-07 16:59:43]   [2715 d0*] https://matpitka.blogspot.com/2024/12/discussions-about-life-and.html  (2586 OK, 354 queued)
[2026-03-07 16:59:48]   [2720 d0*] https://matpitka.blogspot.com/2013/09/sorry-problems-with-homepage-again.html  (2591 OK, 349 queued)
[2026-03-07 16:59:53]   [2725 d0*] https://matpitka.blogspot.com/2011/04/d0-reports-new-3-sigma-bump-with-mass.html  (2596 OK, 344 queued)
[2026-03-07 16:59:58]   [2730 d0*] https://matpitka.blogspot.com/2023/12/about-long-range-electromagnetic.html  (2601 OK, 339 queued)
[2026-03-07 17:00:03]   [2735 d0*] https://matpitka.blogspot.com/2016/11/could-chladni-mechanism-allow-to.html  (2606 OK, 334 queued)
[2026-03-07 17:00:08]   [2740 d0*] https://matpitka.blogspot.com/2025/12/about-genetic-code-and-icosa.html  (2611 OK, 329 queued)
[2026-03-07 17:00:14]   [2745 d0*] https://matpitka.blogspot.com/2021/01/is-genetic-code-part-of-fundamental.html  (2616 OK, 324 queued)
[2026-03-07 17:00:19]   [2750 d0*] https://matpitka.blogspot.com/2010/12/preferred-extremals-of-k-action-and.html  (2621 OK, 319 queued)
[2026-03-07 17:00:24]   [2755 d0*] https://matpitka.blogspot.com/2013/12/negentropic-entanglement-nmp-braiding.html  (2626 OK, 314 queued)
[2026-03-07 17:00:29]   [2760 d0*] https://matpitka.blogspot.com/2018/02/low-surface-brightness-galaxies-as.html  (2631 OK, 309 queued)
[2026-03-07 17:00:35]   [2765 d0*] https://matpitka.blogspot.com/2022/05/p-adic-particle-massivation-and.html  (2636 OK, 304 queued)
[2026-03-07 17:00:40]   [2770 d0*] https://matpitka.blogspot.com/2023/07/janus-faced-white-dwarf.html  (2641 OK, 299 queued)
[2026-03-07 17:00:45]   [2775 d0*] https://matpitka.blogspot.com/2007/08/burning-saltwater-by-radiowaves-with.html  (2646 OK, 295 queued)
[2026-03-07 17:00:50]   [2780 d0*] https://matpitka.blogspot.com/2019/06/twistors-in-tgd-universe.html  (2651 OK, 291 queued)
[2026-03-07 17:00:55]   [2785 d0*] https://matpitka.blogspot.com/2012/08/why-standard-space-time-susy-is-not.html  (2656 OK, 286 queued)
[2026-03-07 17:00:59]   [2790 d0*] https://matpitka.blogspot.com/2016/05/badly-behaving-photons-and-space-time.html  (2661 OK, 281 queued)
[2026-03-07 17:01:04]   [2795 d0*] https://matpitka.blogspot.com/2022/01/bubble-like-structures-in-tgd-universe.html  (2666 OK, 276 queued)
[2026-03-07 17:01:09]   [2800 d0*] https://matpitka.blogspot.com/2025/06/have-we-misidentified-origin-of-cmb-and.html  (2671 OK, 271 queued)
[2026-03-07 17:01:14]   [2805 d0*] https://matpitka.blogspot.com/2010/03/negentropy-maximization-principle.html  (2676 OK, 266 queued)
[2026-03-07 17:01:19]   [2810 d0*] https://matpitka.blogspot.com/2006/12/quantum-fluctuations-and-jones.html  (2681 OK, 261 queued)
[2026-03-07 17:01:25]   [2815 d0*] https://matpitka.blogspot.com/2024/11/evolutionary-hierarchy-formed-by-quartz.html  (2686 OK, 256 queued)
[2026-03-07 17:01:32]   [2820 d0*] https://matpitka.blogspot.com/2005/06/is-it-possible-to-understand-coupling.html  (2691 OK, 251 queued)
[2026-03-07 17:01:37]   [2825 d0*] https://matpitka.blogspot.com/2019/07/m-8-h-duality-and-twistor-space.html  (2696 OK, 246 queued)
[2026-03-07 17:01:42]   [2830 d0*] https://matpitka.blogspot.com/2016/12/basic-course-in-misunderstanding.html  (2701 OK, 241 queued)
[2026-03-07 17:01:48]   [2835 d0*] https://matpitka.blogspot.com/2022/01/why-resistance-of-strange-metals-is.html  (2706 OK, 236 queued)
[2026-03-07 17:01:53]   [2840 d0*] https://matpitka.blogspot.com/2019/03/a-new-twist-in-spin-puzzle-of-proton.html  (2711 OK, 231 queued)
[2026-03-07 17:01:58]   [2845 d0*] https://matpitka.blogspot.com/2009/03/i-have-been-involved-with-heavy.html  (2716 OK, 226 queued)
[2026-03-07 17:02:03]   [2850 d0*] https://matpitka.blogspot.com/2026/03/tgd-counterpart-of-feynman.html  (2721 OK, 221 queued)
[2026-03-07 17:02:08]   [2855 d0*] https://matpitka.blogspot.com/2025/07/finally.html  (2726 OK, 216 queued)
[2026-03-07 17:02:13]   [2860 d0*] https://matpitka.blogspot.com/2017/12/about-biological-role-of-low-valence.html  (2731 OK, 211 queued)
[2026-03-07 17:02:18]   [2865 d0*] https://matpitka.blogspot.com/2020/06/conscious-problem-solving-and-quantum.html  (2736 OK, 206 queued)
[2026-03-07 17:02:23]   [2870 d0*] https://matpitka.blogspot.com/2008/09/dark-black-holes-dark-flow-and-how-to.html  (2741 OK, 201 queued)
[2026-03-07 17:02:29]   [2875 d0*] https://matpitka.blogspot.com/2016/03/cyclic-cosmology-from-tgd-perspective.html  (2746 OK, 196 queued)
[2026-03-07 17:02:33]   [2880 d0*] https://matpitka.blogspot.com/2005/10/invariance-of-angular-momentum-under.html  (2751 OK, 191 queued)
[2026-03-07 17:02:39]   [2885 d0*] https://matpitka.blogspot.com/2015/01/could-podkletnov-effect-be-understood.html  (2756 OK, 186 queued)
[2026-03-07 17:02:44]   [2890 d0*] https://matpitka.blogspot.com/2023/12/virtual-touching-of-virtual-body-part.html  (2761 OK, 181 queued)
[2026-03-07 17:02:49]   [2895 d0*] https://matpitka.blogspot.com/2020/10/blackhole-information-paradox-solved.html  (2766 OK, 176 queued)
[2026-03-07 17:02:55]   [2900 d0*] https://matpitka.blogspot.com/2024/09/could-position-of-mars-have-effect-on.html  (2771 OK, 171 queued)
[2026-03-07 17:03:01]   [2905 d0*] https://matpitka.blogspot.com/2008/04/mystery-of-mini-galaxies-and-hierarchy.html  (2776 OK, 166 queued)
[2026-03-07 17:03:07]   [2910 d0*] https://matpitka.blogspot.com/2012/08/low-mass-exotic-mesonic-structures-as.html  (2781 OK, 161 queued)
[2026-03-07 17:03:12]   [2915 d0*] https://matpitka.blogspot.com/2015/08/about-negentropic-entanglement-as.html  (2786 OK, 156 queued)
[2026-03-07 17:03:17]   [2920 d0*] https://matpitka.blogspot.com/2009/11/qft-limit-of-tgd-and-space-time.html  (2791 OK, 151 queued)
[2026-03-07 17:03:22]   [2925 d0*] https://matpitka.blogspot.com/2015/06/strings-2015-and-convergence-two-very.html  (2796 OK, 146 queued)
[2026-03-07 17:03:26]   [2930 d0*] https://matpitka.blogspot.com/2007/11/geometric-langlands.html  (2801 OK, 141 queued)
[2026-03-07 17:03:32]   [2935 d0*] https://matpitka.blogspot.com/2012/02/quantum-adeles-as-golden-road-to-number.html  (2806 OK, 136 queued)
[2026-03-07 17:03:37]   [2940 d0*] https://matpitka.blogspot.com/2014/11/evidence-for-astrophysical-phase.html  (2811 OK, 131 queued)
[2026-03-07 17:03:42]   [2945 d0*] https://matpitka.blogspot.com/2019/05/tgd-view-about-mckay-correspondence-ade.html  (2816 OK, 126 queued)
[2026-03-07 17:03:47]   [2950 d0*] https://matpitka.blogspot.com/2024/04/anil-seth-and-his-view-of-consciousness.html  (2821 OK, 121 queued)
[2026-03-07 17:03:52]   [2955 d0*] https://matpitka.blogspot.com/2007/07/article-of-arkhady-khodolenko-about.html  (2826 OK, 117 queued)
[2026-03-07 17:03:57]   [2960 d0*] https://matpitka.blogspot.com/2016/01/whats-new-in-tgd-inspired-view-about.html  (2831 OK, 112 queued)
[2026-03-07 17:04:02]   [2965 d0*] https://matpitka.blogspot.com/2019/01/about-tgd-counterparts-of-classical.html  (2836 OK, 107 queued)
[2026-03-07 17:04:07]   [2970 d0*] https://matpitka.blogspot.com/2017/01/time-crystals-macroscopic-quantum.html  (2841 OK, 102 queued)
[2026-03-07 17:04:13]   [2975 d0*] https://matpitka.blogspot.com/2024/06/comparing-tgd-and-qft-based.html  (2846 OK, 97 queued)
[2026-03-07 17:04:18]   [2980 d0*] https://matpitka.blogspot.com/2024/03/counter-teleportation-and-tgd.html  (2851 OK, 92 queued)
[2026-03-07 17:04:23]   [2985 d0*] https://matpitka.blogspot.com/2023/02/could-ai-system-known-as-transformer.html  (2856 OK, 87 queued)
[2026-03-07 17:04:29]   [2990 d0*] https://matpitka.blogspot.com/2005/06/is-transformation-of-ordinary-matter.html  (2861 OK, 82 queued)
[2026-03-07 17:04:34]   [2995 d0*] https://matpitka.blogspot.com/2015/02/i-am-worried-about-sheldon-and-leonard.html  (2866 OK, 77 queued)
[2026-03-07 17:04:40]   [3000 d0*] https://matpitka.blogspot.com/2017/12/the-arrow-of-time-is-relative.html  (2871 OK, 72 queued)
[2026-03-07 17:04:45]   [3005 d0*] https://matpitka.blogspot.com/2006/09/powerpoint-representations-about-tgd.html  (2875 OK, 67 queued)
[2026-03-07 17:04:50]   [3010 d0*] https://matpitka.blogspot.com/2018/07/how-do-slime-molds-learn.html  (2880 OK, 62 queued)
[2026-03-07 17:04:56]   [3015 d0*] https://matpitka.blogspot.com/2023/06/tgd-view-of-paradoxical-finding-of.html  (2885 OK, 57 queued)
[2026-03-07 17:05:01]   [3020 d0*] https://matpitka.blogspot.com/2017/07/how-to-demonstrate-quantum.html  (2890 OK, 52 queued)
[2026-03-07 17:05:07]   [3025 d0*] https://matpitka.blogspot.com/2024/04/what-gravitons-are-and-could-one-detect.html  (2895 OK, 47 queued)
[2026-03-07 17:05:12]   [3030 d0*] https://matpitka.blogspot.com/2024/07/zero-energy-ontology-and-holography.html  (2900 OK, 42 queued)
[2026-03-07 17:05:17]   [3035 d0*] https://matpitka.blogspot.com/2025/07/could-standard-model-have-anomalies.html  (2905 OK, 38 queued)
[2026-03-07 17:05:22]   [3040 d0*] https://matpitka.blogspot.com/2017/12/questions-inspired-by-quantum.html  (2910 OK, 33 queued)
[2026-03-07 17:05:27]   [3045 d0*] https://matpitka.blogspot.com/2012/08/instrumentalism-and-transformative.html  (2915 OK, 28 queued)
[2026-03-07 17:05:33]   [3050 d0*] https://matpitka.blogspot.com/2022/05/mysteries-associated-with-lightnings.html  (2920 OK, 23 queued)
[2026-03-07 17:05:38]   [3055 d0*] https://matpitka.blogspot.com/2015/05/breakthroughs-in-number-theoretic.html  (2925 OK, 18 queued)
[2026-03-07 17:05:43]   [3060 d0*] https://matpitka.blogspot.com/2026/02/quantum-geometry-and-m-8-h-duality.html  (2930 OK, 13 queued)
[2026-03-07 17:05:48]   [3065 d0*] https://matpitka.blogspot.com/2025/07/massless-quarks-as-modes-of-dirac.html  (2935 OK, 8 queued)
[2026-03-07 17:05:54]   [3070 d0*] https://matpitka.blogspot.com/2010/08/comparison-of-tgd-higgs-and-with-mssm.html  (2940 OK, 3 queued)
[2026-03-07 17:06:02] WordPress PDF extraction: found 1650 PDF(s)
[2026-03-07 17:06:44]   PDF OK: M8H1.pdf
[2026-03-07 17:06:46]   PDF OK: TGD2021.pdf
[2026-03-07 17:08:57]   PDF OK: 0802.3229v2.pdf
[2026-03-07 17:08:57]   PDF OK: 0904.4054v1.pdf
[2026-03-07 17:08:58]   PDF OK: 0912.4912.pdf
[2026-03-07 17:08:59]   PDF OK: 1102.1863v2.pdf
[2026-03-07 17:08:59]   PDF OK: 1103.0517.pdf
[2026-03-07 17:09:00]   PDF OK: 1109.0080.pdf
[2026-03-07 17:09:01]   PDF OK: 1202.1739.pdf
[2026-03-07 17:09:02]   PDF OK: 1203.3433.pdf
[2026-03-07 17:09:03]   PDF OK: 1203.4254.pdf
[2026-03-07 17:09:03]   PDF OK: 1204.3924v1.pdf
[2026-03-07 17:09:08]   PDF OK: 1204.4212v2.pdf
[2026-03-07 17:09:09]   PDF OK: 1204.4702.pdf
[2026-03-07 17:09:10]   PDF OK: 1205.1045.pdf
[2026-03-07 17:09:11]   PDF OK: 1205.6497v2.pdf
[2026-03-07 17:09:12]   PDF OK: 1207.1445v1.pdf
[2026-03-07 17:09:19]   PDF OK: 1212.5605v1.pdf
[2026-03-07 17:09:20]   PDF OK: 1301.5481.pdf
[2026-03-07 17:09:21]   PDF OK: 1302.7018v1.pdf
[2026-03-07 17:09:22]   PDF OK: 1303.1794v1.pdf
[2026-03-07 17:09:22]   PDF OK: 1304.0901.pdf
[2026-03-07 17:09:23]   PDF OK: 1307.3536v4.pdf
[2026-03-07 17:09:24]   PDF OK: 1308.2820.pdf
[2026-03-07 17:09:25]   PDF OK: 1403.7136v2.pdf
[2026-03-07 17:09:26]   PDF OK: 1406.0858v2.pdf
[2026-03-07 17:09:26]   PDF OK: 1408.4632v2.pdf
[2026-03-07 17:09:27]   PDF OK: 1412.8475v1.pdf
[2026-03-07 17:09:29]   PDF OK: 1503.06237.pdf
[2026-03-07 17:09:30]   PDF OK: 1504.02175.pdf
[2026-03-07 17:09:32]   PDF OK: 1505.07540v2.pdf
[2026-03-07 17:09:34]   PDF OK: 1507.05299v1.pdf
[2026-03-07 17:09:37]   PDF OK: 1510.03981v1.pdf
[2026-03-07 17:09:37]   PDF OK: 1511.05849v2.pdf
[2026-03-07 17:09:42]   PDF OK: 1512.03371v1.pdf
[2026-03-07 17:09:42]   PDF OK: 1602.01485v1.pdf
[2026-03-07 17:09:43]   PDF OK: 1603.01482v1.pdf
[2026-03-07 17:09:44]   PDF OK: 1603.09720.pdf
[2026-03-07 17:09:44]   PDF OK: 9502001.pdf
[2026-03-07 17:09:45]   PDF OK: 9701004.pdf
[2026-03-07 17:09:45]   PDF OK: 0105057.pdf
[2026-03-07 17:09:46]   PDF OK: 0401243v2.pdf
[2026-03-07 17:09:46]   PDF OK: 0603001v2.pdf
[2026-03-07 17:09:47]   PDF OK: 9306080v2.pdf
[2026-03-07 17:09:48]   PDF OK: 9611018.pdf
[2026-03-07 17:09:48]   PDF OK: 9701114.pdf
[2026-03-07 17:09:49]   PDF OK: 0410003v3.pdf
[2026-03-07 17:09:49]   PDF OK: 0102005.pdf
[2026-03-07 17:09:52]   PDF OK: punzi.pdf
[2026-03-07 17:10:00]   PDF OK: ATLAS-CONF-2013-019.pdf
[2026-03-07 17:10:03]   PDF OK: HIG-13-016-pas.pdf
[2026-03-07 17:10:04]   PDF OK: HIG-14-005-pas.pdf
[2026-03-07 17:10:05]   PDF OK: HIG-15-001-pas.pdf
[2026-03-07 17:10:06]   PDF OK: B2G-16-010-pas.pdf
[2026-03-07 17:10:07]   PDF OK: HIG-17-027-pas.pdf
[2026-03-07 17:10:16]   PDF OK: susy-1l-arxiv.pdf
[2026-03-07 17:10:17]   PDF OK: ATLAS-CONF-2011-081.pdf
[2026-03-07 17:10:18]   PDF OK: TOP-11-014-pas.pdf
[2026-03-07 17:10:19]   PDF OK: EXO-11-045-pas.pdf
[2026-03-07 17:10:20]   PDF OK: HIG-11-030-pas.pdf
[2026-03-07 17:10:22]   PDF OK: HIG-11-032-pas.pdf
[2026-03-07 17:10:23]   PDF OK: ATLAS-CONF-2011-161.pdf
[2026-03-07 17:10:24]   PDF OK: ATLAS-CONF-2011-162.pdf
[2026-03-07 17:10:25]   PDF OK: PhysRevD.54.6797.pdf
[2026-03-07 17:10:35]   PDF OK: SpinRole.pdf
[2026-03-07 17:10:43]   PDF OK: Antognini_Aldo.pdf
[2026-03-07 17:12:31]   PDF OK: Sossi_etal25.pdf
[2026-03-07 17:12:32]   PDF OK: Conf-95-155-E.pdf
[2026-03-07 17:12:34]   PDF OK: fermilab-conf-09-749-e.pdf
[2026-03-07 17:13:28]   PDF OK: lqc.pdf
[2026-03-07 17:13:39]   PDF OK: fqxi_narrative.pdf
[2026-03-07 17:13:42]   PDF OK: rosetta.pdf
[2026-03-07 17:14:04]   PDF OK: nonqqbar_mxxx050.pdf
[2026-03-07 17:14:05]   PDF OK: rpp2010-sum-mesons.pdf
[2026-03-07 17:14:11]   PDF OK: grad_chap14.pdf
[2026-03-07 17:15:30]   PDF OK: stat_project.pdf
[2026-03-07 17:15:39]   PDF OK: tachyon_monopoles.pdf
