[2026-03-04 16:46:57] ============================================================
[2026-03-04 16:46:57] LIVE MIRROR: padrak.com
[2026-03-04 16:46:57] Seed: https://padrak.com/ine
[2026-03-04 16:46:57] Seed path: /ine
[2026-03-04 16:46:57] Max link depth: 5
[2026-03-04 16:46:57] Output: /Users/esaruoho/work/merlib-mirror/sites/padrak.com
[2026-03-04 16:46:57] ============================================================
[2026-03-04 16:46:57] Crawling /ine (download-as-you-go)...
[2026-03-04 16:46:57]   [1 d0*] https://padrak.com/ine  (1 OK, 0 queued)
[2026-03-04 16:46:57]     +522 links (523 total known)
[2026-03-04 16:46:58] Generating index...
[2026-03-04 16:46:58] Index: 478 files
[2026-03-04 16:46:58]   .html: 232
[2026-03-04 16:46:58]   .txt: 220
[2026-03-04 16:46:58]   .gif: 14
[2026-03-04 16:46:58]   .jpg: 7
[2026-03-04 16:46:58]   (none): 1
[2026-03-04 16:46:58]   .[2: 1
[2026-03-04 16:46:58]   .pdf: 1
[2026-03-04 16:46:58]   . box 58639, salt lake city, ut : 1
[2026-03-04 16:46:58]   . features : 1
[2026-03-04 16:46:58] 
============================================================
[2026-03-04 16:46:58] LIVE MIRROR COMPLETE
[2026-03-04 16:46:58] Downloaded: 1, OK: 1, Failed: 0
[2026-03-04 16:46:58] Total URLs seen: 523
[2026-03-04 16:46:58] ============================================================
[2026-03-04 16:46:58] 
Next step: fe-ingest.sh /Users/esaruoho/work/merlib-mirror/sites/padrak.com
